#
# A fatal error has been detected by the Java Runtime Environment:
#
#  EXCEPTION_ACCESS_VIOLATION (0xc0000005) at pc=0x00000000510d7c60, pid=12396, tid=11928
#
# JRE version: Java(TM) SE Runtime Environment (13.0+33) (build 13+33)
# Java VM: Java HotSpot(TM) 64-Bit Server VM (13+33, mixed mode, sharing, tiered, compressed oops, g1 gc, windows-amd64)
# Problematic frame:
# C  [nvoglv64.dll+0x667c60]
#
# No core dump will be written. Minidumps are not enabled by default on client versions of Windows
#
# If you would like to submit a bug report, please visit:
#   http://bugreport.java.com/bugreport/crash.jsp
# The crash happened outside the Java Virtual Machine in native code.
# See problematic frame for where to report the bug.
#

---------------  S U M M A R Y ------------

Command Line: -Dfile.encoding=Cp1252 game.Program

Host: Intel(R) Core(TM) i5-4690K CPU @ 3.50GHz, 4 cores, 15G,  Windows 10 , 64 bit Build 17763 (10.0.17763.475)
Time: Sun Oct 20 13:49:10 2019 GMT Summer Time elapsed time: 1 seconds (0d 0h 0m 1s)

---------------  T H R E A D  ---------------

Current thread (0x0000025199ca5000):  JavaThread "main" [_thread_in_native, id=11928, stack(0x000000b6ac700000,0x000000b6ac800000)]

Stack: [0x000000b6ac700000,0x000000b6ac800000],  sp=0x000000b6ac7ff350,  free space=1020k
Native frames: (J=compiled Java code, j=interpreted, Vv=VM code, C=native code)
C  [nvoglv64.dll+0x667c60]

Java frames: (J=compiled Java code, j=interpreted, Vv=VM code)
j  org.lwjgl.opengl.GL11C.nglDrawElements(IIIJ)V+0
j  org.lwjgl.opengl.GL11C.glDrawElements(IIIJ)V+4
j  org.lwjgl.opengl.GL11.glDrawElements(IIIJ)V+4
j  engine.graphics.GLRenderer.onPostUpdate(Lengine/core/events/PostUpdateEvent;)V+730
j  engine.graphics.GLRenderer$$Lambda$47.accept(Ljava/lang/Object;)V+4
j  engine.core.EventBus.postEvent(Lengine/core/Event;)V+33
j  engine.core.Application.start()V+94
j  game.Program.main([Ljava/lang/String;)V+14
v  ~StubRoutines::call_stub

siginfo: EXCEPTION_ACCESS_VIOLATION (0xc0000005), reading address 0x0000000000000000


Register to memory mapping:

RIP=0x00000000510d7c60 nvoglv64.dll
RAX=0x0 is NULL
RBX=0x0 is NULL
RCX=0x00000000fffffffc is an unknown value
RDX=0x00000251c7ad4e70 points into unknown readable memory: 00 00 00 00 00 00 00 00
RSP=0x000000b6ac7ff350 is pointing into the stack for thread: 0x0000025199ca5000
RBP=0x00000000000000bc is an unknown value
RSI=0x0000000000000024 is an unknown value
RDI=0x00000251bf15b080 points into unknown readable memory: 00 00 00 00 00 00 00 00
R8 =0x0000000000000004 is an unknown value
R9 =0x0000000000000090 is an unknown value
R10=0x00000251c7ad4e50 points into unknown readable memory: 06 e0 05 00 04 00 00 00
R11=0x00000251c7ad4e68 points into unknown readable memory: 00 00 00 00 00 00 00 00
R12=0x0 is NULL
R13=0x00000251c7ad4e70 points into unknown readable memory: 00 00 00 00 00 00 00 00
R14=0x0 is NULL
R15=0x0000000000000004 is an unknown value


Registers:
RAX=0x0000000000000000, RBX=0x0000000000000000, RCX=0x00000000fffffffc, RDX=0x00000251c7ad4e70
RSP=0x000000b6ac7ff350, RBP=0x00000000000000bc, RSI=0x0000000000000024, RDI=0x00000251bf15b080
R8 =0x0000000000000004, R9 =0x0000000000000090, R10=0x00000251c7ad4e50, R11=0x00000251c7ad4e68
R12=0x0000000000000000, R13=0x00000251c7ad4e70, R14=0x0000000000000000, R15=0x0000000000000004
RIP=0x00000000510d7c60, EFLAGS=0x0000000000010297

Top of Stack: (sp=0x000000b6ac7ff350)
0x000000b6ac7ff350:   0000025199ca5000 000000b6ac7ff4b0
0x000000b6ac7ff360:   000000b6ac7ff470 00007fff6718af07
0x000000b6ac7ff370:   000000b6ac7ff390 0000025197be4210
0x000000b6ac7ff380:   00000000014caabd 00000251a21ffe4f
0x000000b6ac7ff390:   00000251bd660be8 0000025199ca5000
0x000000b6ac7ff3a0:   0000000000000000 0000000000000000
0x000000b6ac7ff3b0:   000000b6ac7ff4b0 00000251bd660be8
0x000000b6ac7ff3c0:   0000000000000000 00000251a21aa273
0x000000b6ac7ff3d0:   0000000000000009 00000251a21af4f7
0x000000b6ac7ff3e0:   000000b6ac7ff470 00007fff00000090
0x000000b6ac7ff3f0:   0000025199ca5000 00000251bd660be8
0x000000b6ac7ff400:   0000025100001405 0000000000000000
0x000000b6ac7ff410:   0000025199ca5000 00007fff673ec5bf
0x000000b6ac7ff420:   00000251a21af196 000000b6ac7ff428
0x000000b6ac7ff430:   00000251bd660be8 000000b6ac7ff4b0
0x000000b6ac7ff440:   00000251bd66b848 0000000000000000 

Instructions: (pc=0x00000000510d7c60)
0x00000000510d7b60:   bc 24 a0 00 00 00 48 8b 9c 24 a8 00 00 00 48 83
0x00000000510d7b70:   c4 60 41 5e 41 5d 41 5c 5f 5e c3 48 8b 4f 50 8b
0x00000000510d7b80:   c3 48 2b 4f 40 48 c1 f9 02 85 c9 0f 49 c1 c1 e0
0x00000000510d7b90:   02 3b e8 72 12 8b d5 48 8b cf e8 81 3c 1e 00 44
0x00000000510d7ba0:   8b 8c 24 98 00 00 00 4c 8b 57 40 8b c5 c1 e0 0b
0x00000000510d7bb0:   83 c8 06 41 89 02 45 89 62 04 41 89 72 08 45 89
0x00000000510d7bc0:   6a 0c 4d 89 72 10 45 84 ff 0f 84 2a 01 00 00 4c
0x00000000510d7bd0:   8b 5f 40 41 8d 4e 0f 83 e1 f0 45 33 ff 41 2b ce
0x00000000510d7be0:   4c 89 7c 24 50 d1 f9 49 83 c3 18 49 8b c6 4c 89
0x00000000510d7bf0:   7c 24 58 44 8b c6 45 8b e7 49 8d 53 04 03 ca f7
0x00000000510d7c00:   d9 83 e1 0f 48 03 d1 4c 8b ea 41 f6 c6 0f 74 1c
0x00000000510d7c10:   45 85 c0 74 17 0b 18 41 ff c8 0f b7 08 48 83 c0
0x00000000510d7c20:   04 66 89 0a 48 83 c2 02 a8 0f 75 e4 41 83 f8 08
0x00000000510d7c30:   7e 7c 66 0f 6f 25 e6 ee 51 01 41 8d 48 f7 66 0f
0x00000000510d7c40:   6f 2d ea ee 51 01 66 0f 6f 5c 24 50 c1 e9 03 ff
0x00000000510d7c50:   c1 44 8b f9 f7 d9 45 8d 04 c8 66 0f 1f 44 00 00
0x00000000510d7c60:   f3 0f 6f 10 f3 0f 6f 48 10 66 0f 6f c2 66 0f eb
0x00000000510d7c70:   c3 48 83 c0 20 66 0f 6f d8 66 0f eb d9 0f 18 00
0x00000000510d7c80:   66 0f fe d4 66 0f fe cc 66 0f 6b d1 66 0f fd d5
0x00000000510d7c90:   f3 0f 7f 12 48 83 c2 10 49 83 ef 01 75 c2 66 0f
0x00000000510d7ca0:   7f 5c 24 50 4c 8b 64 24 58 4c 8b 7c 24 50 8b 4c
0x00000000510d7cb0:   24 5c 41 0b cc 0b 4c 24 54 41 0b cf 0b d9 45 85
0x00000000510d7cc0:   c0 74 22 0f 1f 40 00 66 0f 1f 84 00 00 00 00 00
0x00000000510d7cd0:   8b 08 0b d9 66 89 0a 48 8d 52 02 48 8d 40 04 41
0x00000000510d7ce0:   83 e8 01 75 eb 45 2b eb 45 89 2b f7 c3 00 00 ff
0x00000000510d7cf0:   ff 74 46 ff 87 ac ee 54 00 48 8b 5f 40 49 8b d6
0x00000000510d7d00:   4d 63 c1 48 8d 4b 1c e8 04 17 89 00 c7 43 18 04
0x00000000510d7d10:   00 00 00 48 63 c5 48 83 e0 fc 48 01 47 40 48 8b
0x00000000510d7d20:   47 40 48 3b 47 48 0f 82 2a fe ff ff 48 8b cf e8
0x00000000510d7d30:   ac 38 1e 00 e9 1d fe ff ff 41 c7 42 0c 03 14 00
0x00000000510d7d40:   00 41 8b 2b 48 8b 47 40 83 c5 03 8d 6c 75 00 83
0x00000000510d7d50:   e5 fc 83 c5 18 8b cd c1 e1 0b 83 c9 06 89 08 8b 


Stack slot to memory mapping:
stack at sp + 0 slots: 0x0000025199ca5000 is a thread
stack at sp + 1 slots: 0x000000b6ac7ff4b0 is pointing into the stack for thread: 0x0000025199ca5000
stack at sp + 2 slots: 0x000000b6ac7ff470 is pointing into the stack for thread: 0x0000025199ca5000
stack at sp + 3 slots: 0x00007fff6718af07 jvm.dll
stack at sp + 4 slots: 0x000000b6ac7ff390 is pointing into the stack for thread: 0x0000025199ca5000
stack at sp + 5 slots: 0x0000025197be4210 points into unknown readable memory: 02 00 00 00 70 00 65 00
stack at sp + 6 slots: 0x00000000014caabd is an unknown value
stack at sp + 7 slots: 0x00000251a21ffe4f is at code_begin+3663 in 
[CodeBlob (0x00000251a21fef90)]
Framesize: 0
BufferBlob (0x00000251a21fef90) used for native signature handlers


---------------  P R O C E S S  ---------------

Threads class SMR info:
_java_thread_list=0x00000251c7e51270, length=11, elements={
0x0000025199ca5000, 0x00000251bce76000, 0x00000251bce77800, 0x00000251bce9b800,
0x00000251bce9e800, 0x00000251bd729000, 0x00000251bd72c000, 0x00000251bd73d800,
0x00000251bd871000, 0x00000251bd883800, 0x00000251c7bac000
}

Java Threads: ( => current thread )
=>0x0000025199ca5000 JavaThread "main" [_thread_in_native, id=11928, stack(0x000000b6ac700000,0x000000b6ac800000)]
  0x00000251bce76000 JavaThread "Reference Handler" daemon [_thread_blocked, id=7644, stack(0x000000b6ace00000,0x000000b6acf00000)]
  0x00000251bce77800 JavaThread "Finalizer" daemon [_thread_blocked, id=1604, stack(0x000000b6acf00000,0x000000b6ad000000)]
  0x00000251bce9b800 JavaThread "Signal Dispatcher" daemon [_thread_blocked, id=5044, stack(0x000000b6ad000000,0x000000b6ad100000)]
  0x00000251bce9e800 JavaThread "Attach Listener" daemon [_thread_blocked, id=8564, stack(0x000000b6ad100000,0x000000b6ad200000)]
  0x00000251bd729000 JavaThread "C2 CompilerThread0" daemon [_thread_blocked, id=14932, stack(0x000000b6ad200000,0x000000b6ad300000)]
  0x00000251bd72c000 JavaThread "C1 CompilerThread0" daemon [_thread_blocked, id=15184, stack(0x000000b6ad300000,0x000000b6ad400000)]
  0x00000251bd73d800 JavaThread "Sweeper thread" daemon [_thread_blocked, id=7456, stack(0x000000b6ad400000,0x000000b6ad500000)]
  0x00000251bd871000 JavaThread "Service Thread" daemon [_thread_blocked, id=12628, stack(0x000000b6ad500000,0x000000b6ad600000)]
  0x00000251bd883800 JavaThread "Common-Cleaner" daemon [_thread_blocked, id=864, stack(0x000000b6ad700000,0x000000b6ad800000)]
  0x00000251c7bac000 JavaThread "C2 CompilerThread1" daemon [_thread_blocked, id=13196, stack(0x000000b6ae200000,0x000000b6ae300000)]

Other Threads:
  0x00000251bce72800 VMThread "VM Thread" [stack: 0x000000b6acd00000,0x000000b6ace00000] [id=12636]
  0x00000251bd87b800 WatcherThread [stack: 0x000000b6ad600000,0x000000b6ad700000] [id=14668]
  0x0000025199d0f000 GCTaskThread "GC Thread#0" [stack: 0x000000b6ac800000,0x000000b6ac900000] [id=13764]
  0x00000251c7f93800 GCTaskThread "GC Thread#1" [stack: 0x000000b6adf00000,0x000000b6ae000000] [id=16300]
  0x00000251c7f94800 GCTaskThread "GC Thread#2" [stack: 0x000000b6ae000000,0x000000b6ae100000] [id=14672]
  0x00000251c7ef9800 GCTaskThread "GC Thread#3" [stack: 0x000000b6ae100000,0x000000b6ae200000] [id=14388]
  0x0000025199d31800 ConcurrentGCThread "G1 Main Marker" [stack: 0x000000b6ac900000,0x000000b6aca00000] [id=14960]
  0x0000025199d35800 ConcurrentGCThread "G1 Conc#0" [stack: 0x000000b6aca00000,0x000000b6acb00000] [id=12368]
  0x00000251bcd6f000 ConcurrentGCThread "G1 Refine#0" [stack: 0x000000b6acb00000,0x000000b6acc00000] [id=6232]
  0x00000251bcd70000 ConcurrentGCThread "G1 Young RemSet Sampling" [stack: 0x000000b6acc00000,0x000000b6acd00000] [id=15404]

Threads with active compile tasks:

VM state:not at safepoint (normal execution)

VM Mutex/Monitor currently owned by a thread: None

Heap address: 0x0000000702400000, size: 4060 MB, Compressed Oops mode: Zero based, Oop shift amount: 3
Narrow klass base: 0x0000000800000000, Narrow klass shift: 3
Compressed class space size: 1073741824 Address: 0x0000000800b40000

Heap:
 garbage-first heap   total 260096K, used 25395K [0x0000000702400000, 0x0000000800000000)
  region size 1024K, 26 young (26624K), 2 survivors (2048K)
 Metaspace       used 7137K, capacity 10198K, committed 10496K, reserved 1058816K
  class space    used 407K, capacity 727K, committed 768K, reserved 1048576K
Heap Regions: E=young(eden), S=young(survivor), O=old, HS=humongous(starts), HC=humongous(continues), CS=collection set, F=free, A=archive, TAMS=top-at-mark-start (previous, next)
|   0|0x0000000702400000, 0x0000000702400000, 0x0000000702500000|  0%| F|  |TAMS 0x0000000702400000, 0x0000000702400000| Untracked 
|   1|0x0000000702500000, 0x0000000702500000, 0x0000000702600000|  0%| F|  |TAMS 0x0000000702500000, 0x0000000702500000| Untracked 
|   2|0x0000000702600000, 0x0000000702600000, 0x0000000702700000|  0%| F|  |TAMS 0x0000000702600000, 0x0000000702600000| Untracked 
|   3|0x0000000702700000, 0x0000000702700000, 0x0000000702800000|  0%| F|  |TAMS 0x0000000702700000, 0x0000000702700000| Untracked 
|   4|0x0000000702800000, 0x0000000702800000, 0x0000000702900000|  0%| F|  |TAMS 0x0000000702800000, 0x0000000702800000| Untracked 
|   5|0x0000000702900000, 0x0000000702900000, 0x0000000702a00000|  0%| F|  |TAMS 0x0000000702900000, 0x0000000702900000| Untracked 
|   6|0x0000000702a00000, 0x0000000702a00000, 0x0000000702b00000|  0%| F|  |TAMS 0x0000000702a00000, 0x0000000702a00000| Untracked 
|   7|0x0000000702b00000, 0x0000000702b00000, 0x0000000702c00000|  0%| F|  |TAMS 0x0000000702b00000, 0x0000000702b00000| Untracked 
|   8|0x0000000702c00000, 0x0000000702c00000, 0x0000000702d00000|  0%| F|  |TAMS 0x0000000702c00000, 0x0000000702c00000| Untracked 
|   9|0x0000000702d00000, 0x0000000702d00000, 0x0000000702e00000|  0%| F|  |TAMS 0x0000000702d00000, 0x0000000702d00000| Untracked 
|  10|0x0000000702e00000, 0x0000000702e00000, 0x0000000702f00000|  0%| F|  |TAMS 0x0000000702e00000, 0x0000000702e00000| Untracked 
|  11|0x0000000702f00000, 0x0000000702f00000, 0x0000000703000000|  0%| F|  |TAMS 0x0000000702f00000, 0x0000000702f00000| Untracked 
|  12|0x0000000703000000, 0x0000000703000000, 0x0000000703100000|  0%| F|  |TAMS 0x0000000703000000, 0x0000000703000000| Untracked 
|  13|0x0000000703100000, 0x0000000703100000, 0x0000000703200000|  0%| F|  |TAMS 0x0000000703100000, 0x0000000703100000| Untracked 
|  14|0x0000000703200000, 0x0000000703200000, 0x0000000703300000|  0%| F|  |TAMS 0x0000000703200000, 0x0000000703200000| Untracked 
|  15|0x0000000703300000, 0x0000000703300000, 0x0000000703400000|  0%| F|  |TAMS 0x0000000703300000, 0x0000000703300000| Untracked 
|  16|0x0000000703400000, 0x0000000703400000, 0x0000000703500000|  0%| F|  |TAMS 0x0000000703400000, 0x0000000703400000| Untracked 
|  17|0x0000000703500000, 0x0000000703500000, 0x0000000703600000|  0%| F|  |TAMS 0x0000000703500000, 0x0000000703500000| Untracked 
|  18|0x0000000703600000, 0x0000000703600000, 0x0000000703700000|  0%| F|  |TAMS 0x0000000703600000, 0x0000000703600000| Untracked 
|  19|0x0000000703700000, 0x0000000703700000, 0x0000000703800000|  0%| F|  |TAMS 0x0000000703700000, 0x0000000703700000| Untracked 
|  20|0x0000000703800000, 0x0000000703800000, 0x0000000703900000|  0%| F|  |TAMS 0x0000000703800000, 0x0000000703800000| Untracked 
|  21|0x0000000703900000, 0x0000000703900000, 0x0000000703a00000|  0%| F|  |TAMS 0x0000000703900000, 0x0000000703900000| Untracked 
|  22|0x0000000703a00000, 0x0000000703a00000, 0x0000000703b00000|  0%| F|  |TAMS 0x0000000703a00000, 0x0000000703a00000| Untracked 
|  23|0x0000000703b00000, 0x0000000703b00000, 0x0000000703c00000|  0%| F|  |TAMS 0x0000000703b00000, 0x0000000703b00000| Untracked 
|  24|0x0000000703c00000, 0x0000000703c00000, 0x0000000703d00000|  0%| F|  |TAMS 0x0000000703c00000, 0x0000000703c00000| Untracked 
|  25|0x0000000703d00000, 0x0000000703d00000, 0x0000000703e00000|  0%| F|  |TAMS 0x0000000703d00000, 0x0000000703d00000| Untracked 
|  26|0x0000000703e00000, 0x0000000703e00000, 0x0000000703f00000|  0%| F|  |TAMS 0x0000000703e00000, 0x0000000703e00000| Untracked 
|  27|0x0000000703f00000, 0x0000000703f00000, 0x0000000704000000|  0%| F|  |TAMS 0x0000000703f00000, 0x0000000703f00000| Untracked 
|  28|0x0000000704000000, 0x0000000704000000, 0x0000000704100000|  0%| F|  |TAMS 0x0000000704000000, 0x0000000704000000| Untracked 
|  29|0x0000000704100000, 0x0000000704100000, 0x0000000704200000|  0%| F|  |TAMS 0x0000000704100000, 0x0000000704100000| Untracked 
|  30|0x0000000704200000, 0x0000000704200000, 0x0000000704300000|  0%| F|  |TAMS 0x0000000704200000, 0x0000000704200000| Untracked 
|  31|0x0000000704300000, 0x0000000704300000, 0x0000000704400000|  0%| F|  |TAMS 0x0000000704300000, 0x0000000704300000| Untracked 
|  32|0x0000000704400000, 0x0000000704400000, 0x0000000704500000|  0%| F|  |TAMS 0x0000000704400000, 0x0000000704400000| Untracked 
|  33|0x0000000704500000, 0x0000000704500000, 0x0000000704600000|  0%| F|  |TAMS 0x0000000704500000, 0x0000000704500000| Untracked 
|  34|0x0000000704600000, 0x0000000704600000, 0x0000000704700000|  0%| F|  |TAMS 0x0000000704600000, 0x0000000704600000| Untracked 
|  35|0x0000000704700000, 0x0000000704700000, 0x0000000704800000|  0%| F|  |TAMS 0x0000000704700000, 0x0000000704700000| Untracked 
|  36|0x0000000704800000, 0x0000000704800000, 0x0000000704900000|  0%| F|  |TAMS 0x0000000704800000, 0x0000000704800000| Untracked 
|  37|0x0000000704900000, 0x0000000704900000, 0x0000000704a00000|  0%| F|  |TAMS 0x0000000704900000, 0x0000000704900000| Untracked 
|  38|0x0000000704a00000, 0x0000000704a00000, 0x0000000704b00000|  0%| F|  |TAMS 0x0000000704a00000, 0x0000000704a00000| Untracked 
|  39|0x0000000704b00000, 0x0000000704b00000, 0x0000000704c00000|  0%| F|  |TAMS 0x0000000704b00000, 0x0000000704b00000| Untracked 
|  40|0x0000000704c00000, 0x0000000704c00000, 0x0000000704d00000|  0%| F|  |TAMS 0x0000000704c00000, 0x0000000704c00000| Untracked 
|  41|0x0000000704d00000, 0x0000000704d00000, 0x0000000704e00000|  0%| F|  |TAMS 0x0000000704d00000, 0x0000000704d00000| Untracked 
|  42|0x0000000704e00000, 0x0000000704e00000, 0x0000000704f00000|  0%| F|  |TAMS 0x0000000704e00000, 0x0000000704e00000| Untracked 
|  43|0x0000000704f00000, 0x0000000704f00000, 0x0000000705000000|  0%| F|  |TAMS 0x0000000704f00000, 0x0000000704f00000| Untracked 
|  44|0x0000000705000000, 0x0000000705000000, 0x0000000705100000|  0%| F|  |TAMS 0x0000000705000000, 0x0000000705000000| Untracked 
|  45|0x0000000705100000, 0x0000000705100000, 0x0000000705200000|  0%| F|  |TAMS 0x0000000705100000, 0x0000000705100000| Untracked 
|  46|0x0000000705200000, 0x0000000705200000, 0x0000000705300000|  0%| F|  |TAMS 0x0000000705200000, 0x0000000705200000| Untracked 
|  47|0x0000000705300000, 0x0000000705300000, 0x0000000705400000|  0%| F|  |TAMS 0x0000000705300000, 0x0000000705300000| Untracked 
|  48|0x0000000705400000, 0x0000000705400000, 0x0000000705500000|  0%| F|  |TAMS 0x0000000705400000, 0x0000000705400000| Untracked 
|  49|0x0000000705500000, 0x0000000705500000, 0x0000000705600000|  0%| F|  |TAMS 0x0000000705500000, 0x0000000705500000| Untracked 
|  50|0x0000000705600000, 0x0000000705600000, 0x0000000705700000|  0%| F|  |TAMS 0x0000000705600000, 0x0000000705600000| Untracked 
|  51|0x0000000705700000, 0x0000000705700000, 0x0000000705800000|  0%| F|  |TAMS 0x0000000705700000, 0x0000000705700000| Untracked 
|  52|0x0000000705800000, 0x0000000705800000, 0x0000000705900000|  0%| F|  |TAMS 0x0000000705800000, 0x0000000705800000| Untracked 
|  53|0x0000000705900000, 0x0000000705900000, 0x0000000705a00000|  0%| F|  |TAMS 0x0000000705900000, 0x0000000705900000| Untracked 
|  54|0x0000000705a00000, 0x0000000705a00000, 0x0000000705b00000|  0%| F|  |TAMS 0x0000000705a00000, 0x0000000705a00000| Untracked 
|  55|0x0000000705b00000, 0x0000000705b00000, 0x0000000705c00000|  0%| F|  |TAMS 0x0000000705b00000, 0x0000000705b00000| Untracked 
|  56|0x0000000705c00000, 0x0000000705c00000, 0x0000000705d00000|  0%| F|  |TAMS 0x0000000705c00000, 0x0000000705c00000| Untracked 
|  57|0x0000000705d00000, 0x0000000705d00000, 0x0000000705e00000|  0%| F|  |TAMS 0x0000000705d00000, 0x0000000705d00000| Untracked 
|  58|0x0000000705e00000, 0x0000000705e00000, 0x0000000705f00000|  0%| F|  |TAMS 0x0000000705e00000, 0x0000000705e00000| Untracked 
|  59|0x0000000705f00000, 0x0000000705f00000, 0x0000000706000000|  0%| F|  |TAMS 0x0000000705f00000, 0x0000000705f00000| Untracked 
|  60|0x0000000706000000, 0x0000000706000000, 0x0000000706100000|  0%| F|  |TAMS 0x0000000706000000, 0x0000000706000000| Untracked 
|  61|0x0000000706100000, 0x0000000706100000, 0x0000000706200000|  0%| F|  |TAMS 0x0000000706100000, 0x0000000706100000| Untracked 
|  62|0x0000000706200000, 0x0000000706200000, 0x0000000706300000|  0%| F|  |TAMS 0x0000000706200000, 0x0000000706200000| Untracked 
|  63|0x0000000706300000, 0x0000000706300000, 0x0000000706400000|  0%| F|  |TAMS 0x0000000706300000, 0x0000000706300000| Untracked 
|  64|0x0000000706400000, 0x0000000706400000, 0x0000000706500000|  0%| F|  |TAMS 0x0000000706400000, 0x0000000706400000| Untracked 
|  65|0x0000000706500000, 0x0000000706500000, 0x0000000706600000|  0%| F|  |TAMS 0x0000000706500000, 0x0000000706500000| Untracked 
|  66|0x0000000706600000, 0x0000000706600000, 0x0000000706700000|  0%| F|  |TAMS 0x0000000706600000, 0x0000000706600000| Untracked 
|  67|0x0000000706700000, 0x0000000706700000, 0x0000000706800000|  0%| F|  |TAMS 0x0000000706700000, 0x0000000706700000| Untracked 
|  68|0x0000000706800000, 0x0000000706800000, 0x0000000706900000|  0%| F|  |TAMS 0x0000000706800000, 0x0000000706800000| Untracked 
|  69|0x0000000706900000, 0x0000000706900000, 0x0000000706a00000|  0%| F|  |TAMS 0x0000000706900000, 0x0000000706900000| Untracked 
|  70|0x0000000706a00000, 0x0000000706a00000, 0x0000000706b00000|  0%| F|  |TAMS 0x0000000706a00000, 0x0000000706a00000| Untracked 
|  71|0x0000000706b00000, 0x0000000706b00000, 0x0000000706c00000|  0%| F|  |TAMS 0x0000000706b00000, 0x0000000706b00000| Untracked 
|  72|0x0000000706c00000, 0x0000000706c00000, 0x0000000706d00000|  0%| F|  |TAMS 0x0000000706c00000, 0x0000000706c00000| Untracked 
|  73|0x0000000706d00000, 0x0000000706d00000, 0x0000000706e00000|  0%| F|  |TAMS 0x0000000706d00000, 0x0000000706d00000| Untracked 
|  74|0x0000000706e00000, 0x0000000706e00000, 0x0000000706f00000|  0%| F|  |TAMS 0x0000000706e00000, 0x0000000706e00000| Untracked 
|  75|0x0000000706f00000, 0x0000000706f00000, 0x0000000707000000|  0%| F|  |TAMS 0x0000000706f00000, 0x0000000706f00000| Untracked 
|  76|0x0000000707000000, 0x0000000707000000, 0x0000000707100000|  0%| F|  |TAMS 0x0000000707000000, 0x0000000707000000| Untracked 
|  77|0x0000000707100000, 0x0000000707100000, 0x0000000707200000|  0%| F|  |TAMS 0x0000000707100000, 0x0000000707100000| Untracked 
|  78|0x0000000707200000, 0x0000000707200000, 0x0000000707300000|  0%| F|  |TAMS 0x0000000707200000, 0x0000000707200000| Untracked 
|  79|0x0000000707300000, 0x0000000707300000, 0x0000000707400000|  0%| F|  |TAMS 0x0000000707300000, 0x0000000707300000| Untracked 
|  80|0x0000000707400000, 0x0000000707400000, 0x0000000707500000|  0%| F|  |TAMS 0x0000000707400000, 0x0000000707400000| Untracked 
|  81|0x0000000707500000, 0x0000000707500000, 0x0000000707600000|  0%| F|  |TAMS 0x0000000707500000, 0x0000000707500000| Untracked 
|  82|0x0000000707600000, 0x0000000707600000, 0x0000000707700000|  0%| F|  |TAMS 0x0000000707600000, 0x0000000707600000| Untracked 
|  83|0x0000000707700000, 0x0000000707700000, 0x0000000707800000|  0%| F|  |TAMS 0x0000000707700000, 0x0000000707700000| Untracked 
|  84|0x0000000707800000, 0x0000000707800000, 0x0000000707900000|  0%| F|  |TAMS 0x0000000707800000, 0x0000000707800000| Untracked 
|  85|0x0000000707900000, 0x0000000707900000, 0x0000000707a00000|  0%| F|  |TAMS 0x0000000707900000, 0x0000000707900000| Untracked 
|  86|0x0000000707a00000, 0x0000000707a00000, 0x0000000707b00000|  0%| F|  |TAMS 0x0000000707a00000, 0x0000000707a00000| Untracked 
|  87|0x0000000707b00000, 0x0000000707b00000, 0x0000000707c00000|  0%| F|  |TAMS 0x0000000707b00000, 0x0000000707b00000| Untracked 
|  88|0x0000000707c00000, 0x0000000707c00000, 0x0000000707d00000|  0%| F|  |TAMS 0x0000000707c00000, 0x0000000707c00000| Untracked 
|  89|0x0000000707d00000, 0x0000000707d00000, 0x0000000707e00000|  0%| F|  |TAMS 0x0000000707d00000, 0x0000000707d00000| Untracked 
|  90|0x0000000707e00000, 0x0000000707e00000, 0x0000000707f00000|  0%| F|  |TAMS 0x0000000707e00000, 0x0000000707e00000| Untracked 
|  91|0x0000000707f00000, 0x0000000707f00000, 0x0000000708000000|  0%| F|  |TAMS 0x0000000707f00000, 0x0000000707f00000| Untracked 
|  92|0x0000000708000000, 0x0000000708000000, 0x0000000708100000|  0%| F|  |TAMS 0x0000000708000000, 0x0000000708000000| Untracked 
|  93|0x0000000708100000, 0x0000000708100000, 0x0000000708200000|  0%| F|  |TAMS 0x0000000708100000, 0x0000000708100000| Untracked 
|  94|0x0000000708200000, 0x0000000708200000, 0x0000000708300000|  0%| F|  |TAMS 0x0000000708200000, 0x0000000708200000| Untracked 
|  95|0x0000000708300000, 0x0000000708300000, 0x0000000708400000|  0%| F|  |TAMS 0x0000000708300000, 0x0000000708300000| Untracked 
|  96|0x0000000708400000, 0x0000000708400000, 0x0000000708500000|  0%| F|  |TAMS 0x0000000708400000, 0x0000000708400000| Untracked 
|  97|0x0000000708500000, 0x0000000708500000, 0x0000000708600000|  0%| F|  |TAMS 0x0000000708500000, 0x0000000708500000| Untracked 
|  98|0x0000000708600000, 0x0000000708600000, 0x0000000708700000|  0%| F|  |TAMS 0x0000000708600000, 0x0000000708600000| Untracked 
|  99|0x0000000708700000, 0x0000000708700000, 0x0000000708800000|  0%| F|  |TAMS 0x0000000708700000, 0x0000000708700000| Untracked 
| 100|0x0000000708800000, 0x0000000708800000, 0x0000000708900000|  0%| F|  |TAMS 0x0000000708800000, 0x0000000708800000| Untracked 
| 101|0x0000000708900000, 0x0000000708900000, 0x0000000708a00000|  0%| F|  |TAMS 0x0000000708900000, 0x0000000708900000| Untracked 
| 102|0x0000000708a00000, 0x0000000708a00000, 0x0000000708b00000|  0%| F|  |TAMS 0x0000000708a00000, 0x0000000708a00000| Untracked 
| 103|0x0000000708b00000, 0x0000000708b00000, 0x0000000708c00000|  0%| F|  |TAMS 0x0000000708b00000, 0x0000000708b00000| Untracked 
| 104|0x0000000708c00000, 0x0000000708c00000, 0x0000000708d00000|  0%| F|  |TAMS 0x0000000708c00000, 0x0000000708c00000| Untracked 
| 105|0x0000000708d00000, 0x0000000708d00000, 0x0000000708e00000|  0%| F|  |TAMS 0x0000000708d00000, 0x0000000708d00000| Untracked 
| 106|0x0000000708e00000, 0x0000000708e00000, 0x0000000708f00000|  0%| F|  |TAMS 0x0000000708e00000, 0x0000000708e00000| Untracked 
| 107|0x0000000708f00000, 0x0000000708f00000, 0x0000000709000000|  0%| F|  |TAMS 0x0000000708f00000, 0x0000000708f00000| Untracked 
| 108|0x0000000709000000, 0x0000000709000000, 0x0000000709100000|  0%| F|  |TAMS 0x0000000709000000, 0x0000000709000000| Untracked 
| 109|0x0000000709100000, 0x0000000709100000, 0x0000000709200000|  0%| F|  |TAMS 0x0000000709100000, 0x0000000709100000| Untracked 
| 110|0x0000000709200000, 0x0000000709200000, 0x0000000709300000|  0%| F|  |TAMS 0x0000000709200000, 0x0000000709200000| Untracked 
| 111|0x0000000709300000, 0x0000000709300000, 0x0000000709400000|  0%| F|  |TAMS 0x0000000709300000, 0x0000000709300000| Untracked 
| 112|0x0000000709400000, 0x0000000709400000, 0x0000000709500000|  0%| F|  |TAMS 0x0000000709400000, 0x0000000709400000| Untracked 
| 113|0x0000000709500000, 0x0000000709500000, 0x0000000709600000|  0%| F|  |TAMS 0x0000000709500000, 0x0000000709500000| Untracked 
| 114|0x0000000709600000, 0x0000000709600000, 0x0000000709700000|  0%| F|  |TAMS 0x0000000709600000, 0x0000000709600000| Untracked 
| 115|0x0000000709700000, 0x0000000709700000, 0x0000000709800000|  0%| F|  |TAMS 0x0000000709700000, 0x0000000709700000| Untracked 
| 116|0x0000000709800000, 0x0000000709800000, 0x0000000709900000|  0%| F|  |TAMS 0x0000000709800000, 0x0000000709800000| Untracked 
| 117|0x0000000709900000, 0x0000000709900000, 0x0000000709a00000|  0%| F|  |TAMS 0x0000000709900000, 0x0000000709900000| Untracked 
| 118|0x0000000709a00000, 0x0000000709a00000, 0x0000000709b00000|  0%| F|  |TAMS 0x0000000709a00000, 0x0000000709a00000| Untracked 
| 119|0x0000000709b00000, 0x0000000709b00000, 0x0000000709c00000|  0%| F|  |TAMS 0x0000000709b00000, 0x0000000709b00000| Untracked 
| 120|0x0000000709c00000, 0x0000000709c00000, 0x0000000709d00000|  0%| F|  |TAMS 0x0000000709c00000, 0x0000000709c00000| Untracked 
| 121|0x0000000709d00000, 0x0000000709d00000, 0x0000000709e00000|  0%| F|  |TAMS 0x0000000709d00000, 0x0000000709d00000| Untracked 
| 122|0x0000000709e00000, 0x0000000709e00000, 0x0000000709f00000|  0%| F|  |TAMS 0x0000000709e00000, 0x0000000709e00000| Untracked 
| 123|0x0000000709f00000, 0x0000000709f00000, 0x000000070a000000|  0%| F|  |TAMS 0x0000000709f00000, 0x0000000709f00000| Untracked 
| 124|0x000000070a000000, 0x000000070a000000, 0x000000070a100000|  0%| F|  |TAMS 0x000000070a000000, 0x000000070a000000| Untracked 
| 125|0x000000070a100000, 0x000000070a100000, 0x000000070a200000|  0%| F|  |TAMS 0x000000070a100000, 0x000000070a100000| Untracked 
| 126|0x000000070a200000, 0x000000070a200000, 0x000000070a300000|  0%| F|  |TAMS 0x000000070a200000, 0x000000070a200000| Untracked 
| 127|0x000000070a300000, 0x000000070a300000, 0x000000070a400000|  0%| F|  |TAMS 0x000000070a300000, 0x000000070a300000| Untracked 
| 128|0x000000070a400000, 0x000000070a400000, 0x000000070a500000|  0%| F|  |TAMS 0x000000070a400000, 0x000000070a400000| Untracked 
| 129|0x000000070a500000, 0x000000070a500000, 0x000000070a600000|  0%| F|  |TAMS 0x000000070a500000, 0x000000070a500000| Untracked 
| 130|0x000000070a600000, 0x000000070a600000, 0x000000070a700000|  0%| F|  |TAMS 0x000000070a600000, 0x000000070a600000| Untracked 
| 131|0x000000070a700000, 0x000000070a700000, 0x000000070a800000|  0%| F|  |TAMS 0x000000070a700000, 0x000000070a700000| Untracked 
| 132|0x000000070a800000, 0x000000070a800000, 0x000000070a900000|  0%| F|  |TAMS 0x000000070a800000, 0x000000070a800000| Untracked 
| 133|0x000000070a900000, 0x000000070a900000, 0x000000070aa00000|  0%| F|  |TAMS 0x000000070a900000, 0x000000070a900000| Untracked 
| 134|0x000000070aa00000, 0x000000070aa00000, 0x000000070ab00000|  0%| F|  |TAMS 0x000000070aa00000, 0x000000070aa00000| Untracked 
| 135|0x000000070ab00000, 0x000000070ab00000, 0x000000070ac00000|  0%| F|  |TAMS 0x000000070ab00000, 0x000000070ab00000| Untracked 
| 136|0x000000070ac00000, 0x000000070ac00000, 0x000000070ad00000|  0%| F|  |TAMS 0x000000070ac00000, 0x000000070ac00000| Untracked 
| 137|0x000000070ad00000, 0x000000070ad00000, 0x000000070ae00000|  0%| F|  |TAMS 0x000000070ad00000, 0x000000070ad00000| Untracked 
| 138|0x000000070ae00000, 0x000000070ae00000, 0x000000070af00000|  0%| F|  |TAMS 0x000000070ae00000, 0x000000070ae00000| Untracked 
| 139|0x000000070af00000, 0x000000070af00000, 0x000000070b000000|  0%| F|  |TAMS 0x000000070af00000, 0x000000070af00000| Untracked 
| 140|0x000000070b000000, 0x000000070b000000, 0x000000070b100000|  0%| F|  |TAMS 0x000000070b000000, 0x000000070b000000| Untracked 
| 141|0x000000070b100000, 0x000000070b100000, 0x000000070b200000|  0%| F|  |TAMS 0x000000070b100000, 0x000000070b100000| Untracked 
| 142|0x000000070b200000, 0x000000070b200000, 0x000000070b300000|  0%| F|  |TAMS 0x000000070b200000, 0x000000070b200000| Untracked 
| 143|0x000000070b300000, 0x000000070b300000, 0x000000070b400000|  0%| F|  |TAMS 0x000000070b300000, 0x000000070b300000| Untracked 
| 144|0x000000070b400000, 0x000000070b400000, 0x000000070b500000|  0%| F|  |TAMS 0x000000070b400000, 0x000000070b400000| Untracked 
| 145|0x000000070b500000, 0x000000070b500000, 0x000000070b600000|  0%| F|  |TAMS 0x000000070b500000, 0x000000070b500000| Untracked 
| 146|0x000000070b600000, 0x000000070b600000, 0x000000070b700000|  0%| F|  |TAMS 0x000000070b600000, 0x000000070b600000| Untracked 
| 147|0x000000070b700000, 0x000000070b700000, 0x000000070b800000|  0%| F|  |TAMS 0x000000070b700000, 0x000000070b700000| Untracked 
| 148|0x000000070b800000, 0x000000070b800000, 0x000000070b900000|  0%| F|  |TAMS 0x000000070b800000, 0x000000070b800000| Untracked 
| 149|0x000000070b900000, 0x000000070b900000, 0x000000070ba00000|  0%| F|  |TAMS 0x000000070b900000, 0x000000070b900000| Untracked 
| 150|0x000000070ba00000, 0x000000070ba00000, 0x000000070bb00000|  0%| F|  |TAMS 0x000000070ba00000, 0x000000070ba00000| Untracked 
| 151|0x000000070bb00000, 0x000000070bb00000, 0x000000070bc00000|  0%| F|  |TAMS 0x000000070bb00000, 0x000000070bb00000| Untracked 
| 152|0x000000070bc00000, 0x000000070bc00000, 0x000000070bd00000|  0%| F|  |TAMS 0x000000070bc00000, 0x000000070bc00000| Untracked 
| 153|0x000000070bd00000, 0x000000070bd00000, 0x000000070be00000|  0%| F|  |TAMS 0x000000070bd00000, 0x000000070bd00000| Untracked 
| 154|0x000000070be00000, 0x000000070be00000, 0x000000070bf00000|  0%| F|  |TAMS 0x000000070be00000, 0x000000070be00000| Untracked 
| 155|0x000000070bf00000, 0x000000070bf00000, 0x000000070c000000|  0%| F|  |TAMS 0x000000070bf00000, 0x000000070bf00000| Untracked 
| 156|0x000000070c000000, 0x000000070c000000, 0x000000070c100000|  0%| F|  |TAMS 0x000000070c000000, 0x000000070c000000| Untracked 
| 157|0x000000070c100000, 0x000000070c100000, 0x000000070c200000|  0%| F|  |TAMS 0x000000070c100000, 0x000000070c100000| Untracked 
| 158|0x000000070c200000, 0x000000070c200000, 0x000000070c300000|  0%| F|  |TAMS 0x000000070c200000, 0x000000070c200000| Untracked 
| 159|0x000000070c300000, 0x000000070c300000, 0x000000070c400000|  0%| F|  |TAMS 0x000000070c300000, 0x000000070c300000| Untracked 
| 160|0x000000070c400000, 0x000000070c400000, 0x000000070c500000|  0%| F|  |TAMS 0x000000070c400000, 0x000000070c400000| Untracked 
| 161|0x000000070c500000, 0x000000070c500000, 0x000000070c600000|  0%| F|  |TAMS 0x000000070c500000, 0x000000070c500000| Untracked 
| 162|0x000000070c600000, 0x000000070c600000, 0x000000070c700000|  0%| F|  |TAMS 0x000000070c600000, 0x000000070c600000| Untracked 
| 163|0x000000070c700000, 0x000000070c700000, 0x000000070c800000|  0%| F|  |TAMS 0x000000070c700000, 0x000000070c700000| Untracked 
| 164|0x000000070c800000, 0x000000070c800000, 0x000000070c900000|  0%| F|  |TAMS 0x000000070c800000, 0x000000070c800000| Untracked 
| 165|0x000000070c900000, 0x000000070c900000, 0x000000070ca00000|  0%| F|  |TAMS 0x000000070c900000, 0x000000070c900000| Untracked 
| 166|0x000000070ca00000, 0x000000070ca00000, 0x000000070cb00000|  0%| F|  |TAMS 0x000000070ca00000, 0x000000070ca00000| Untracked 
| 167|0x000000070cb00000, 0x000000070cb00000, 0x000000070cc00000|  0%| F|  |TAMS 0x000000070cb00000, 0x000000070cb00000| Untracked 
| 168|0x000000070cc00000, 0x000000070cc00000, 0x000000070cd00000|  0%| F|  |TAMS 0x000000070cc00000, 0x000000070cc00000| Untracked 
| 169|0x000000070cd00000, 0x000000070cd00000, 0x000000070ce00000|  0%| F|  |TAMS 0x000000070cd00000, 0x000000070cd00000| Untracked 
| 170|0x000000070ce00000, 0x000000070ce00000, 0x000000070cf00000|  0%| F|  |TAMS 0x000000070ce00000, 0x000000070ce00000| Untracked 
| 171|0x000000070cf00000, 0x000000070cf00000, 0x000000070d000000|  0%| F|  |TAMS 0x000000070cf00000, 0x000000070cf00000| Untracked 
| 172|0x000000070d000000, 0x000000070d000000, 0x000000070d100000|  0%| F|  |TAMS 0x000000070d000000, 0x000000070d000000| Untracked 
| 173|0x000000070d100000, 0x000000070d100000, 0x000000070d200000|  0%| F|  |TAMS 0x000000070d100000, 0x000000070d100000| Untracked 
| 174|0x000000070d200000, 0x000000070d200000, 0x000000070d300000|  0%| F|  |TAMS 0x000000070d200000, 0x000000070d200000| Untracked 
| 175|0x000000070d300000, 0x000000070d300000, 0x000000070d400000|  0%| F|  |TAMS 0x000000070d300000, 0x000000070d300000| Untracked 
| 176|0x000000070d400000, 0x000000070d400000, 0x000000070d500000|  0%| F|  |TAMS 0x000000070d400000, 0x000000070d400000| Untracked 
| 177|0x000000070d500000, 0x000000070d500000, 0x000000070d600000|  0%| F|  |TAMS 0x000000070d500000, 0x000000070d500000| Untracked 
| 178|0x000000070d600000, 0x000000070d600000, 0x000000070d700000|  0%| F|  |TAMS 0x000000070d600000, 0x000000070d600000| Untracked 
| 179|0x000000070d700000, 0x000000070d700000, 0x000000070d800000|  0%| F|  |TAMS 0x000000070d700000, 0x000000070d700000| Untracked 
| 180|0x000000070d800000, 0x000000070d800000, 0x000000070d900000|  0%| F|  |TAMS 0x000000070d800000, 0x000000070d800000| Untracked 
| 181|0x000000070d900000, 0x000000070d900000, 0x000000070da00000|  0%| F|  |TAMS 0x000000070d900000, 0x000000070d900000| Untracked 
| 182|0x000000070da00000, 0x000000070da00000, 0x000000070db00000|  0%| F|  |TAMS 0x000000070da00000, 0x000000070da00000| Untracked 
| 183|0x000000070db00000, 0x000000070db00000, 0x000000070dc00000|  0%| F|  |TAMS 0x000000070db00000, 0x000000070db00000| Untracked 
| 184|0x000000070dc00000, 0x000000070dc00000, 0x000000070dd00000|  0%| F|  |TAMS 0x000000070dc00000, 0x000000070dc00000| Untracked 
| 185|0x000000070dd00000, 0x000000070dd00000, 0x000000070de00000|  0%| F|  |TAMS 0x000000070dd00000, 0x000000070dd00000| Untracked 
| 186|0x000000070de00000, 0x000000070de00000, 0x000000070df00000|  0%| F|  |TAMS 0x000000070de00000, 0x000000070de00000| Untracked 
| 187|0x000000070df00000, 0x000000070df00000, 0x000000070e000000|  0%| F|  |TAMS 0x000000070df00000, 0x000000070df00000| Untracked 
| 188|0x000000070e000000, 0x000000070e000000, 0x000000070e100000|  0%| F|  |TAMS 0x000000070e000000, 0x000000070e000000| Untracked 
| 189|0x000000070e100000, 0x000000070e100000, 0x000000070e200000|  0%| F|  |TAMS 0x000000070e100000, 0x000000070e100000| Untracked 
| 190|0x000000070e200000, 0x000000070e200000, 0x000000070e300000|  0%| F|  |TAMS 0x000000070e200000, 0x000000070e200000| Untracked 
| 191|0x000000070e300000, 0x000000070e300000, 0x000000070e400000|  0%| F|  |TAMS 0x000000070e300000, 0x000000070e300000| Untracked 
| 192|0x000000070e400000, 0x000000070e400000, 0x000000070e500000|  0%| F|  |TAMS 0x000000070e400000, 0x000000070e400000| Untracked 
| 193|0x000000070e500000, 0x000000070e500000, 0x000000070e600000|  0%| F|  |TAMS 0x000000070e500000, 0x000000070e500000| Untracked 
| 194|0x000000070e600000, 0x000000070e600000, 0x000000070e700000|  0%| F|  |TAMS 0x000000070e600000, 0x000000070e600000| Untracked 
| 195|0x000000070e700000, 0x000000070e700000, 0x000000070e800000|  0%| F|  |TAMS 0x000000070e700000, 0x000000070e700000| Untracked 
| 196|0x000000070e800000, 0x000000070e800000, 0x000000070e900000|  0%| F|  |TAMS 0x000000070e800000, 0x000000070e800000| Untracked 
| 197|0x000000070e900000, 0x000000070e900000, 0x000000070ea00000|  0%| F|  |TAMS 0x000000070e900000, 0x000000070e900000| Untracked 
| 198|0x000000070ea00000, 0x000000070ea00000, 0x000000070eb00000|  0%| F|  |TAMS 0x000000070ea00000, 0x000000070ea00000| Untracked 
| 199|0x000000070eb00000, 0x000000070eb00000, 0x000000070ec00000|  0%| F|  |TAMS 0x000000070eb00000, 0x000000070eb00000| Untracked 
| 200|0x000000070ec00000, 0x000000070ec00000, 0x000000070ed00000|  0%| F|  |TAMS 0x000000070ec00000, 0x000000070ec00000| Untracked 
| 201|0x000000070ed00000, 0x000000070ed00000, 0x000000070ee00000|  0%| F|  |TAMS 0x000000070ed00000, 0x000000070ed00000| Untracked 
| 202|0x000000070ee00000, 0x000000070ee00000, 0x000000070ef00000|  0%| F|  |TAMS 0x000000070ee00000, 0x000000070ee00000| Untracked 
| 203|0x000000070ef00000, 0x000000070ef00000, 0x000000070f000000|  0%| F|  |TAMS 0x000000070ef00000, 0x000000070ef00000| Untracked 
| 204|0x000000070f000000, 0x000000070f000000, 0x000000070f100000|  0%| F|  |TAMS 0x000000070f000000, 0x000000070f000000| Untracked 
| 205|0x000000070f100000, 0x000000070f100000, 0x000000070f200000|  0%| F|  |TAMS 0x000000070f100000, 0x000000070f100000| Untracked 
| 206|0x000000070f200000, 0x000000070f200000, 0x000000070f300000|  0%| F|  |TAMS 0x000000070f200000, 0x000000070f200000| Untracked 
| 207|0x000000070f300000, 0x000000070f300000, 0x000000070f400000|  0%| F|  |TAMS 0x000000070f300000, 0x000000070f300000| Untracked 
| 208|0x000000070f400000, 0x000000070f400000, 0x000000070f500000|  0%| F|  |TAMS 0x000000070f400000, 0x000000070f400000| Untracked 
| 209|0x000000070f500000, 0x000000070f500000, 0x000000070f600000|  0%| F|  |TAMS 0x000000070f500000, 0x000000070f500000| Untracked 
| 210|0x000000070f600000, 0x000000070f600000, 0x000000070f700000|  0%| F|  |TAMS 0x000000070f600000, 0x000000070f600000| Untracked 
| 211|0x000000070f700000, 0x000000070f700000, 0x000000070f800000|  0%| F|  |TAMS 0x000000070f700000, 0x000000070f700000| Untracked 
| 212|0x000000070f800000, 0x000000070f800000, 0x000000070f900000|  0%| F|  |TAMS 0x000000070f800000, 0x000000070f800000| Untracked 
| 213|0x000000070f900000, 0x000000070f900000, 0x000000070fa00000|  0%| F|  |TAMS 0x000000070f900000, 0x000000070f900000| Untracked 
| 214|0x000000070fa00000, 0x000000070fa00000, 0x000000070fb00000|  0%| F|  |TAMS 0x000000070fa00000, 0x000000070fa00000| Untracked 
| 215|0x000000070fb00000, 0x000000070fb00000, 0x000000070fc00000|  0%| F|  |TAMS 0x000000070fb00000, 0x000000070fb00000| Untracked 
| 216|0x000000070fc00000, 0x000000070fc00000, 0x000000070fd00000|  0%| F|  |TAMS 0x000000070fc00000, 0x000000070fc00000| Untracked 
| 217|0x000000070fd00000, 0x000000070fd00000, 0x000000070fe00000|  0%| F|  |TAMS 0x000000070fd00000, 0x000000070fd00000| Untracked 
| 218|0x000000070fe00000, 0x000000070fe00000, 0x000000070ff00000|  0%| F|  |TAMS 0x000000070fe00000, 0x000000070fe00000| Untracked 
| 219|0x000000070ff00000, 0x000000070ff00000, 0x0000000710000000|  0%| F|  |TAMS 0x000000070ff00000, 0x000000070ff00000| Untracked 
| 220|0x0000000710000000, 0x0000000710000000, 0x0000000710100000|  0%| F|  |TAMS 0x0000000710000000, 0x0000000710000000| Untracked 
| 221|0x0000000710100000, 0x0000000710100000, 0x0000000710200000|  0%| F|  |TAMS 0x0000000710100000, 0x0000000710100000| Untracked 
| 222|0x0000000710200000, 0x0000000710200000, 0x0000000710300000|  0%| F|  |TAMS 0x0000000710200000, 0x0000000710200000| Untracked 
| 223|0x0000000710300000, 0x0000000710300000, 0x0000000710400000|  0%| F|  |TAMS 0x0000000710300000, 0x0000000710300000| Untracked 
| 224|0x0000000710400000, 0x0000000710400000, 0x0000000710500000|  0%| F|  |TAMS 0x0000000710400000, 0x0000000710400000| Untracked 
| 225|0x0000000710500000, 0x0000000710500000, 0x0000000710600000|  0%| F|  |TAMS 0x0000000710500000, 0x0000000710500000| Untracked 
| 226|0x0000000710600000, 0x0000000710600000, 0x0000000710700000|  0%| F|  |TAMS 0x0000000710600000, 0x0000000710600000| Untracked 
| 227|0x0000000710700000, 0x0000000710700000, 0x0000000710800000|  0%| F|  |TAMS 0x0000000710700000, 0x0000000710700000| Untracked 
| 228|0x0000000710800000, 0x0000000710900000, 0x0000000710900000|100%| E|  |TAMS 0x0000000710800000, 0x0000000710800000| Complete 
| 229|0x0000000710900000, 0x0000000710a00000, 0x0000000710a00000|100%| E|CS|TAMS 0x0000000710900000, 0x0000000710900000| Complete 
| 230|0x0000000710a00000, 0x0000000710b00000, 0x0000000710b00000|100%| E|CS|TAMS 0x0000000710a00000, 0x0000000710a00000| Complete 
| 231|0x0000000710b00000, 0x0000000710c00000, 0x0000000710c00000|100%| E|CS|TAMS 0x0000000710b00000, 0x0000000710b00000| Complete 
| 232|0x0000000710c00000, 0x0000000710d00000, 0x0000000710d00000|100%| E|CS|TAMS 0x0000000710c00000, 0x0000000710c00000| Complete 
| 233|0x0000000710d00000, 0x0000000710e00000, 0x0000000710e00000|100%| E|CS|TAMS 0x0000000710d00000, 0x0000000710d00000| Complete 
| 234|0x0000000710e00000, 0x0000000710f00000, 0x0000000710f00000|100%| E|CS|TAMS 0x0000000710e00000, 0x0000000710e00000| Complete 
| 235|0x0000000710f00000, 0x0000000711000000, 0x0000000711000000|100%| E|CS|TAMS 0x0000000710f00000, 0x0000000710f00000| Complete 
| 236|0x0000000711000000, 0x0000000711100000, 0x0000000711100000|100%| E|CS|TAMS 0x0000000711000000, 0x0000000711000000| Complete 
| 237|0x0000000711100000, 0x0000000711200000, 0x0000000711200000|100%| E|CS|TAMS 0x0000000711100000, 0x0000000711100000| Complete 
| 238|0x0000000711200000, 0x00000007112cccd0, 0x0000000711300000| 80%| S|CS|TAMS 0x0000000711200000, 0x0000000711200000| Complete 
| 239|0x0000000711300000, 0x0000000711400000, 0x0000000711400000|100%| S|CS|TAMS 0x0000000711300000, 0x0000000711300000| Complete 
| 240|0x0000000711400000, 0x0000000711500000, 0x0000000711500000|100%| E|CS|TAMS 0x0000000711400000, 0x0000000711400000| Complete 
| 241|0x0000000711500000, 0x0000000711600000, 0x0000000711600000|100%| E|CS|TAMS 0x0000000711500000, 0x0000000711500000| Complete 
| 242|0x0000000711600000, 0x0000000711700000, 0x0000000711700000|100%| E|CS|TAMS 0x0000000711600000, 0x0000000711600000| Complete 
| 243|0x0000000711700000, 0x0000000711800000, 0x0000000711800000|100%| E|CS|TAMS 0x0000000711700000, 0x0000000711700000| Complete 
| 244|0x0000000711800000, 0x0000000711900000, 0x0000000711900000|100%| E|CS|TAMS 0x0000000711800000, 0x0000000711800000| Complete 
| 245|0x0000000711900000, 0x0000000711a00000, 0x0000000711a00000|100%| E|CS|TAMS 0x0000000711900000, 0x0000000711900000| Complete 
| 246|0x0000000711a00000, 0x0000000711b00000, 0x0000000711b00000|100%| E|CS|TAMS 0x0000000711a00000, 0x0000000711a00000| Complete 
| 247|0x0000000711b00000, 0x0000000711c00000, 0x0000000711c00000|100%| E|CS|TAMS 0x0000000711b00000, 0x0000000711b00000| Complete 
| 248|0x0000000711c00000, 0x0000000711d00000, 0x0000000711d00000|100%| E|CS|TAMS 0x0000000711c00000, 0x0000000711c00000| Complete 
| 249|0x0000000711d00000, 0x0000000711e00000, 0x0000000711e00000|100%| E|CS|TAMS 0x0000000711d00000, 0x0000000711d00000| Complete 
| 250|0x0000000711e00000, 0x0000000711f00000, 0x0000000711f00000|100%| E|CS|TAMS 0x0000000711e00000, 0x0000000711e00000| Complete 
| 251|0x0000000711f00000, 0x0000000712000000, 0x0000000712000000|100%| E|CS|TAMS 0x0000000711f00000, 0x0000000711f00000| Complete 
| 252|0x0000000712000000, 0x0000000712100000, 0x0000000712100000|100%| E|CS|TAMS 0x0000000712000000, 0x0000000712000000| Complete 
| 253|0x0000000712100000, 0x0000000712200000, 0x0000000712200000|100%| E|CS|TAMS 0x0000000712100000, 0x0000000712100000| Complete 

Card table byte_map: [0x00000251b1990000,0x00000251b2180000] _byte_map_base: 0x00000251ae17e000

Marking Bits (Prev, Next): (CMBitMap*) 0x0000025199d0ff28, (CMBitMap*) 0x0000025199d0ff68
 Prev Bits: [0x00000251b2970000, 0x00000251b68e0000)
 Next Bits: [0x00000251b68e0000, 0x00000251ba850000)

Polling page: 0x0000025197b40000

Metaspace:

Usage:
  Non-class:      9.25 MB capacity,     6.57 MB ( 71%) used,     2.66 MB ( 29%) free+waste,    13.13 KB ( <1%) overhead. 
      Class:    727.00 KB capacity,   407.16 KB ( 56%) used,   314.22 KB ( 43%) free+waste,     5.63 KB ( <1%) overhead. 
       Both:      9.96 MB capacity,     6.97 MB ( 70%) used,     2.97 MB ( 30%) free+waste,    18.75 KB ( <1%) overhead. 

Virtual space:
  Non-class space:       10.00 MB reserved,       9.50 MB ( 95%) committed 
      Class space:        1.00 GB reserved,     768.00 KB ( <1%) committed 
             Both:        1.01 GB reserved,      10.25 MB ( <1%) committed 

Chunk freelists:
   Non-Class:  65.00 KB
       Class:  9.00 KB
        Both:  74.00 KB

MaxMetaspaceSize: 17179869184.00 GB
CompressedClassSpaceSize: 1.00 GB

CodeHeap 'non-profiled nmethods': size=120064Kb used=318Kb max_used=318Kb free=119745Kb
 bounds [0x00000251a9c60000, 0x00000251a9ed0000, 0x00000251b11a0000]
CodeHeap 'profiled nmethods': size=120000Kb used=1669Kb max_used=1669Kb free=118330Kb
 bounds [0x00000251a2730000, 0x00000251a29a0000, 0x00000251a9c60000]
CodeHeap 'non-nmethods': size=5696Kb used=1634Kb max_used=1646Kb free=4061Kb
 bounds [0x00000251a21a0000, 0x00000251a2410000, 0x00000251a2730000]
 total_blobs=2400 nmethods=876 adapters=939
 compilation: enabled
              stopped_count=0, restarted_count=0
 full_count=0

Compilation events (20 events):
Event: 1.141 Thread 0x00000251bd72c000  866       3       java.lang.ClassLoader::preDefineClass (119 bytes)
Event: 1.142 Thread 0x00000251bd72c000 nmethod 866 0x00000251a28c7510 code [0x00000251a28c78e0, 0x00000251a28c9080]
Event: 1.142 Thread 0x00000251bd72c000  867   !   3       java.lang.ClassLoader::checkCerts (198 bytes)
Event: 1.143 Thread 0x00000251bd72c000 nmethod 867 0x00000251a28c9890 code [0x00000251a28c9c00, 0x00000251a28cb3f0]
Event: 1.143 Thread 0x00000251bd72c000  868       3       java.lang.ClassLoader::defineClassSourceLocation (28 bytes)
Event: 1.143 Thread 0x00000251bd72c000 nmethod 868 0x00000251a28cbb90 code [0x00000251a28cbd60, 0x00000251a28cc170]
Event: 1.143 Thread 0x00000251bd72c000  869       3       java.lang.ClassLoader::addClass (9 bytes)
Event: 1.143 Thread 0x00000251bd72c000 nmethod 869 0x00000251a28cc310 code [0x00000251a28cc500, 0x00000251a28ccc10]
Event: 1.143 Thread 0x00000251bd72c000  870  s    3       java.util.Vector::addElement (24 bytes)
Event: 1.144 Thread 0x00000251bd72c000 nmethod 870 0x00000251a28ccf10 code [0x00000251a28cd0e0, 0x00000251a28cd750]
Event: 1.147 Thread 0x00000251bd72c000  871       3       java.lang.ClassLoader::checkPackageAccess (102 bytes)
Event: 1.147 Thread 0x00000251bd72c000 nmethod 871 0x00000251a28cd910 code [0x00000251a28cdc00, 0x00000251a28ceb80]
Event: 1.147 Thread 0x00000251bd72c000  872   !   3       jdk.internal.loader.BuiltinClassLoader::defineOrCheckPackage (94 bytes)
Event: 1.148 Thread 0x00000251bd72c000 nmethod 872 0x00000251a28cf190 code [0x00000251a28cf420, 0x00000251a28d0040]
Event: 1.148 Thread 0x00000251bd72c000  873       3       java.lang.ClassLoader::getDefinedPackage (36 bytes)
Event: 1.148 Thread 0x00000251bd72c000 nmethod 873 0x00000251a28d0410 code [0x00000251a28d0600, 0x00000251a28d0c10]
Event: 1.173 Thread 0x00000251bd72c000  874       3       java.lang.invoke.MemberName::flagsMods (73 bytes)
Event: 1.173 Thread 0x00000251bd72c000 nmethod 874 0x00000251a28d0e10 code [0x00000251a28d0fc0, 0x00000251a28d1138]
Event: 1.173 Thread 0x00000251bd72c000  875       3       java.lang.invoke.MemberName::init (67 bytes)
Event: 1.173 Thread 0x00000251bd72c000 nmethod 875 0x00000251a28d1210 code [0x00000251a28d13c0, 0x00000251a28d1698]

GC Heap History (2 events):
Event: 0.858 GC heap before
{Heap before GC invocations=0 (full 0):
 garbage-first heap   total 260096K, used 13312K [0x0000000702400000, 0x0000000800000000)
  region size 1024K, 14 young (14336K), 0 survivors (0K)
 Metaspace       used 2327K, capacity 5559K, committed 5760K, reserved 1056768K
  class space    used 205K, capacity 520K, committed 640K, reserved 1048576K
}
Event: 0.861 GC heap after
{Heap after GC invocations=1 (full 0):
 garbage-first heap   total 260096K, used 1843K [0x0000000702400000, 0x0000000800000000)
  region size 1024K, 2 young (2048K), 2 survivors (2048K)
 Metaspace       used 2327K, capacity 5559K, committed 5760K, reserved 1056768K
  class space    used 205K, capacity 520K, committed 640K, reserved 1048576K
}

Deoptimization events (20 events):
Event: 0.183 Thread 0x0000025199ca5000 Uncommon trap: trap_request=0xffffff45 fr.pc=0x00000251a9c722dc relative=0x000000000000003c
Event: 0.183 Thread 0x0000025199ca5000 Uncommon trap: reason=unstable_if action=reinterpret pc=0x00000251a9c722dc method=sun.nio.fs.WindowsPathParser.isSlash(C)Z @ 9 c2
Event: 0.183 Thread 0x0000025199ca5000 DEOPT PACKING pc=0x00000251a9c722dc sp=0x000000b6ac7fb8b0
Event: 0.183 Thread 0x0000025199ca5000 DEOPT UNPACKING pc=0x00000251a21e912f sp=0x000000b6ac7fb838 mode 2
Event: 0.196 Thread 0x0000025199ca5000 Uncommon trap: trap_request=0xffffff45 fr.pc=0x00000251a9c6c2e4 relative=0x0000000000000044
Event: 0.196 Thread 0x0000025199ca5000 Uncommon trap: reason=unstable_if action=reinterpret pc=0x00000251a9c6c2e4 method=java.lang.CharacterData.of(I)Ljava/lang/CharacterData; @ 4 c2
Event: 0.196 Thread 0x0000025199ca5000 DEOPT PACKING pc=0x00000251a9c6c2e4 sp=0x000000b6ac7fb430
Event: 0.196 Thread 0x0000025199ca5000 DEOPT UNPACKING pc=0x00000251a21e912f sp=0x000000b6ac7fb3d0 mode 2
Event: 0.915 Thread 0x0000025199ca5000 Uncommon trap: trap_request=0xffffff45 fr.pc=0x00000251a9c9799c relative=0x000000000000083c
Event: 0.915 Thread 0x0000025199ca5000 Uncommon trap: reason=unstable_if action=reinterpret pc=0x00000251a9c9799c method=java.util.jar.JarFile.getVersionedEntry(Ljava/lang/String;Ljava/util/jar/JarEntry;)Ljava/util/jar/JarEntry; @ 67 c2
Event: 0.915 Thread 0x0000025199ca5000 DEOPT PACKING pc=0x00000251a9c9799c sp=0x000000b6ac7fdf50
Event: 0.915 Thread 0x0000025199ca5000 DEOPT UNPACKING pc=0x00000251a21e912f sp=0x000000b6ac7fdf28 mode 2
Event: 0.918 Thread 0x0000025199ca5000 Uncommon trap: trap_request=0xffffff54 fr.pc=0x00000251a9c9ae08 relative=0x0000000000000068
Event: 0.918 Thread 0x0000025199ca5000 Uncommon trap: reason=speculate_null_assert action=make_not_entrant pc=0x00000251a9c9ae08 method=sun.misc.Unsafe.getLong(Ljava/lang/Object;J)J @ 5 c2
Event: 0.918 Thread 0x0000025199ca5000 DEOPT PACKING pc=0x00000251a9c9ae08 sp=0x000000b6ac7ff250
Event: 0.918 Thread 0x0000025199ca5000 DEOPT UNPACKING pc=0x00000251a21e912f sp=0x000000b6ac7ff1d8 mode 2
Event: 1.058 Thread 0x0000025199ca5000 Uncommon trap: trap_request=0xffffff54 fr.pc=0x00000251a9c9b110 relative=0x0000000000000070
Event: 1.058 Thread 0x0000025199ca5000 Uncommon trap: reason=speculate_null_assert action=make_not_entrant pc=0x00000251a9c9b110 method=sun.misc.Unsafe.putLong(Ljava/lang/Object;JJ)V @ 7 c2
Event: 1.058 Thread 0x0000025199ca5000 DEOPT PACKING pc=0x00000251a9c9b110 sp=0x000000b6ac7ff250
Event: 1.058 Thread 0x0000025199ca5000 DEOPT UNPACKING pc=0x00000251a21e912f sp=0x000000b6ac7ff1c8 mode 2

Classes unloaded (0 events):
No events

Classes redefined (0 events):
No events

Internal exceptions (13 events):
Event: 0.156 Thread 0x0000025199ca5000 Exception <a 'java/lang/NoSuchMethodError'{0x0000000711bcf1c8}: 'void java.lang.invoke.DelegatingMethodHandle$Holder.delegate(java.lang.Object, java.lang.Object, int, java.lang.Object)'> (0x0000000711bcf1c8) 
thrown [t:/workspace/open/src/hotspot/share/interpreter/linkResolver.cpp, line 767]
Event: 0.157 Thread 0x0000025199ca5000 Exception <a 'java/lang/NoSuchMethodError'{0x0000000711bd5f20}: 'java.lang.Object java.lang.invoke.DirectMethodHandle$Holder.invokeStaticInit(java.lang.Object, java.lang.Object, java.lang.Object)'> (0x0000000711bd5f20) 
thrown [t:/workspace/open/src/hotspot/share/interpreter/linkResolver.cpp, line 767]
Event: 0.183 Thread 0x0000025199ca5000 Exception <a 'sun/nio/fs/WindowsException'{0x0000000711930878}> (0x0000000711930878) 
thrown [t:/workspace/open/src/hotspot/share/prims/jni.cpp, line 598]
Event: 0.183 Thread 0x0000025199ca5000 Exception <a 'sun/nio/fs/WindowsException'{0x0000000711930df8}> (0x0000000711930df8) 
thrown [t:/workspace/open/src/hotspot/share/prims/jni.cpp, line 598]
Event: 0.225 Thread 0x0000025199ca5000 Exception <a 'sun/nio/fs/WindowsException'{0x000000071167ec28}> (0x000000071167ec28) 
thrown [t:/workspace/open/src/hotspot/share/prims/jni.cpp, line 598]
Event: 0.225 Thread 0x0000025199ca5000 Exception <a 'sun/nio/fs/WindowsException'{0x000000071167efb8}> (0x000000071167efb8) 
thrown [t:/workspace/open/src/hotspot/share/prims/jni.cpp, line 598]
Event: 0.836 Thread 0x0000025199ca5000 Exception <a 'java/lang/NoSuchMethodError'{0x000000071157fde8}: 'void java.lang.invoke.DirectMethodHandle$Holder.invokeStatic(java.lang.Object, long, int)'> (0x000000071157fde8) 
thrown [t:/workspace/open/src/hotspot/share/interpreter/linkResolver.cpp, line 767]
Event: 0.837 Thread 0x0000025199ca5000 Exception <a 'java/lang/NoSuchMethodError'{0x00000007115a73e0}: 'void java.lang.invoke.DirectMethodHandle$Holder.invokeStatic(java.lang.Object, long)'> (0x00000007115a73e0) 
thrown [t:/workspace/open/src/hotspot/share/interpreter/linkResolver.cpp, line 767]
Event: 0.850 Thread 0x0000025199ca5000 Exception <a 'java/lang/NoSuchMethodError'{0x000000071146f388}: 'void java.lang.invoke.DirectMethodHandle$Holder.invokeStatic(java.lang.Object, long, int, int)'> (0x000000071146f388) 
thrown [t:/workspace/open/src/hotspot/share/interpreter/linkResolver.cpp, line 767]
Event: 0.885 Thread 0x0000025199ca5000 Exception <a 'sun/nio/fs/WindowsException'{0x00000007120bf040}> (0x00000007120bf040) 
thrown [t:/workspace/open/src/hotspot/share/prims/jni.cpp, line 598]
Event: 0.885 Thread 0x0000025199ca5000 Exception <a 'sun/nio/fs/WindowsException'{0x00000007120bf410}> (0x00000007120bf410) 
thrown [t:/workspace/open/src/hotspot/share/prims/jni.cpp, line 598]
Event: 0.887 Thread 0x0000025199ca5000 Exception <a 'sun/nio/fs/WindowsException'{0x00000007120f0298}> (0x00000007120f0298) 
thrown [t:/workspace/open/src/hotspot/share/prims/jni.cpp, line 598]
Event: 0.887 Thread 0x0000025199ca5000 Exception <a 'sun/nio/fs/WindowsException'{0x00000007120f0598}> (0x00000007120f0598) 
thrown [t:/workspace/open/src/hotspot/share/prims/jni.cpp, line 598]

Events (20 events):
Event: 1.139 loading class org/joml/Vector2i
Event: 1.139 loading class org/joml/Vector2i done
Event: 1.139 loading class org/joml/Vector2ic
Event: 1.139 loading class org/joml/Vector2ic done
Event: 1.140 loading class engine/core/Application
Event: 1.140 loading class engine/core/Application done
Event: 1.141 loading class engine/core/events/EarlyUpdateEvent
Event: 1.141 loading class engine/core/events/EarlyUpdateEvent done
Event: 1.141 loading class engine/core/events/LateUpdateEvent
Event: 1.141 loading class engine/core/events/LateUpdateEvent done
Event: 1.141 loading class org/lwjgl/glfw/EventLoop$OnScreen
Event: 1.141 loading class org/lwjgl/glfw/EventLoop$OnScreen done
Event: 1.147 loading class org/joml/Math
Event: 1.147 loading class org/joml/Math done
Event: 1.173 loading class game/debug/TestComponent1
Event: 1.173 loading class game/debug/TestComponent1 done
Event: 1.173 loading class game/debug/TestComponent1
Event: 1.173 loading class game/debug/TestComponent1 done
Event: 1.174 loading class engine/core/components/DrawCubeComponent3D
Event: 1.174 loading class engine/core/components/DrawCubeComponent3D done


Dynamic libraries:
0x00007ff716af0000 - 0x00007ff716aff000 	C:\Program Files\Java\jdk-13\bin\javaw.exe
0x00007fffb4350000 - 0x00007fffb453d000 	C:\WINDOWS\SYSTEM32\ntdll.dll
0x00007fffb3c60000 - 0x00007fffb3d13000 	C:\WINDOWS\System32\KERNEL32.DLL
0x00007fffb0650000 - 0x00007fffb08e3000 	C:\WINDOWS\System32\KERNELBASE.dll
0x00007fffb0970000 - 0x00007fffb0a6a000 	C:\WINDOWS\System32\ucrtbase.dll
0x00007fff883b0000 - 0x00007fff883c8000 	C:\Program Files\Java\jdk-13\bin\jli.dll
0x00007fffb3040000 - 0x00007fffb30e3000 	C:\WINDOWS\System32\ADVAPI32.dll
0x00007fffb1770000 - 0x00007fffb180e000 	C:\WINDOWS\System32\msvcrt.dll
0x00007fffb19c0000 - 0x00007fffb1a5e000 	C:\WINDOWS\System32\sechost.dll
0x00007fffb1570000 - 0x00007fffb1692000 	C:\WINDOWS\System32\RPCRT4.dll
0x00007fffb3ab0000 - 0x00007fffb3c47000 	C:\WINDOWS\System32\USER32.dll
0x00007fffb0630000 - 0x00007fffb0650000 	C:\WINDOWS\System32\win32u.dll
0x00007fffb3120000 - 0x00007fffb3149000 	C:\WINDOWS\System32\GDI32.dll
0x00007fffb0410000 - 0x00007fffb05a9000 	C:\WINDOWS\System32\gdi32full.dll
0x00007fffb14d0000 - 0x00007fffb1570000 	C:\WINDOWS\System32\msvcp_win.dll
0x00007fff88390000 - 0x00007fff883a5000 	C:\Program Files\Java\jdk-13\bin\VCRUNTIME140.dll
0x00007fffa4c00000 - 0x00007fffa4e79000 	C:\WINDOWS\WinSxS\amd64_microsoft.windows.common-controls_6595b64144ccf1df_6.0.17763.802_none_05b1445c0722d2cc\COMCTL32.dll
0x00007fffb3ff0000 - 0x00007fffb431c000 	C:\WINDOWS\System32\combase.dll
0x00007fffb0a70000 - 0x00007fffb0aee000 	C:\WINDOWS\System32\bcryptPrimitives.dll
0x00007fffac290000 - 0x00007fffac29a000 	C:\WINDOWS\SYSTEM32\VERSION.dll
0x00007fffb30f0000 - 0x00007fffb311e000 	C:\WINDOWS\System32\IMM32.DLL
0x00007fff877a0000 - 0x00007fff8783b000 	C:\Program Files\Java\jdk-13\bin\msvcp140.dll
0x00007fff66e10000 - 0x00007fff67976000 	C:\Program Files\Java\jdk-13\bin\server\jvm.dll
0x00007fffb3c50000 - 0x00007fffb3c58000 	C:\WINDOWS\System32\PSAPI.DLL
0x00007fffacb60000 - 0x00007fffacb84000 	C:\WINDOWS\SYSTEM32\WINMM.dll
0x00007fff9cea0000 - 0x00007fff9cea9000 	C:\WINDOWS\SYSTEM32\WSOCK32.dll
0x00007fffb3910000 - 0x00007fffb397d000 	C:\WINDOWS\System32\WS2_32.dll
0x00007fffacb30000 - 0x00007fffacb5d000 	C:\WINDOWS\SYSTEM32\winmmbase.dll
0x00007fffb05e0000 - 0x00007fffb062a000 	C:\WINDOWS\System32\cfgmgr32.dll
0x00007fffb03f0000 - 0x00007fffb0401000 	C:\WINDOWS\System32\kernel.appcore.dll
0x00007fffae020000 - 0x00007fffae030000 	C:\Program Files\Java\jdk-13\bin\verify.dll
0x00007fff984a0000 - 0x00007fff9868d000 	C:\WINDOWS\SYSTEM32\DBGHELP.DLL
0x00007fff97dc0000 - 0x00007fff97dea000 	C:\WINDOWS\SYSTEM32\dbgcore.DLL
0x00007fffa38c0000 - 0x00007fffa38e6000 	C:\Program Files\Java\jdk-13\bin\java.dll
0x00007fffadfe0000 - 0x00007fffadff7000 	C:\Program Files\Java\jdk-13\bin\zip.dll
0x00007fffadfc0000 - 0x00007fffadfca000 	C:\Program Files\Java\jdk-13\bin\jimage.dll
0x00007fffb1a60000 - 0x00007fffb2f54000 	C:\WINDOWS\System32\SHELL32.dll
0x00007fffb3a00000 - 0x00007fffb3aa8000 	C:\WINDOWS\System32\shcore.dll
0x00007fffb0d80000 - 0x00007fffb14cd000 	C:\WINDOWS\System32\windows.storage.dll
0x00007fffb0360000 - 0x00007fffb0384000 	C:\WINDOWS\System32\profapi.dll
0x00007fffb0390000 - 0x00007fffb03ed000 	C:\WINDOWS\System32\powrprof.dll
0x00007fffb1810000 - 0x00007fffb1862000 	C:\WINDOWS\System32\shlwapi.dll
0x00007fffb0950000 - 0x00007fffb0967000 	C:\WINDOWS\System32\cryptsp.dll
0x00007fffac5c0000 - 0x00007fffac5d9000 	C:\Program Files\Java\jdk-13\bin\net.dll
0x00007fffa7c20000 - 0x00007fffa7d12000 	C:\WINDOWS\SYSTEM32\WINHTTP.dll
0x00007fffa9610000 - 0x00007fffa97e7000 	C:\WINDOWS\SYSTEM32\urlmon.dll
0x00007fffa3070000 - 0x00007fffa3318000 	C:\WINDOWS\SYSTEM32\iertutil.dll
0x00007fffafd80000 - 0x00007fffafd8c000 	C:\WINDOWS\SYSTEM32\CRYPTBASE.DLL
0x00007fffafbb0000 - 0x00007fffafc17000 	C:\WINDOWS\system32\mswsock.dll
0x00007fff93bc0000 - 0x00007fff93bd3000 	C:\Program Files\Java\jdk-13\bin\nio.dll
0x00007fff85db0000 - 0x00007fff85e14000 	C:\Users\Valkyrie\AppData\Local\Temp\lwjglValkyrie\3.2.3-build-13\lwjgl.dll
0x00007fff858d0000 - 0x00007fff85932000 	C:\Users\Valkyrie\AppData\Local\Temp\lwjglValkyrie\3.2.3-build-13\glfw.dll
0x00007fffae6a0000 - 0x00007fffae73c000 	C:\WINDOWS\system32\uxtheme.dll
0x00007fff87610000 - 0x00007fff87654000 	C:\WINDOWS\SYSTEM32\dinput8.dll
0x00007fff881b0000 - 0x00007fff881c1000 	C:\WINDOWS\SYSTEM32\xinput1_4.dll
0x00007fffb0150000 - 0x00007fffb0179000 	C:\WINDOWS\SYSTEM32\DEVOBJ.dll
0x00007fffaec20000 - 0x00007fffaec4e000 	C:\WINDOWS\SYSTEM32\dwmapi.dll
0x00007fffb0ba0000 - 0x00007fffb0d7b000 	C:\WINDOWS\System32\CRYPT32.dll
0x00007fffb0340000 - 0x00007fffb0352000 	C:\WINDOWS\System32\MSASN1.dll
0x00007fff9bb50000 - 0x00007fff9bc1c000 	C:\WINDOWS\SYSTEM32\inputhost.dll
0x00007fffadec0000 - 0x00007fffadfa2000 	C:\WINDOWS\SYSTEM32\CoreMessaging.dll
0x00007fffae9e0000 - 0x00007fffaebed000 	C:\WINDOWS\SYSTEM32\twinapi.appcore.dll
0x00007fffab5e0000 - 0x00007fffab902000 	C:\WINDOWS\SYSTEM32\CoreUIComponents.dll
0x00007fffad6d0000 - 0x00007fffadc8e000 	C:\WINDOWS\SYSTEM32\d2d1.dll
0x00007fffad450000 - 0x00007fffad6ce000 	C:\WINDOWS\SYSTEM32\d3d11.dll
0x00007fffabdc0000 - 0x00007fffabf13000 	C:\WINDOWS\SYSTEM32\wintypes.dll
0x00007fffac060000 - 0x00007fffac209000 	C:\WINDOWS\SYSTEM32\PROPSYS.dll
0x00007fffb16a0000 - 0x00007fffb1764000 	C:\WINDOWS\System32\OLEAUT32.dll
0x00007fffaebf0000 - 0x00007fffaec18000 	C:\WINDOWS\SYSTEM32\RMCLIENT.dll
0x00007fffaf390000 - 0x00007fffaf3c1000 	C:\WINDOWS\SYSTEM32\ntmarta.dll
0x00007fffaf120000 - 0x00007fffaf1e2000 	C:\WINDOWS\SYSTEM32\dxgi.dll
0x00007fffb3d20000 - 0x00007fffb3e8b000 	C:\WINDOWS\System32\MSCTF.dll
0x00007fffaefc0000 - 0x00007fffaefce000 	C:\WINDOWS\SYSTEM32\HID.DLL
0x00007fffb3150000 - 0x00007fffb35c6000 	C:\WINDOWS\System32\SETUPAPI.DLL
0x00007fffb05b0000 - 0x00007fffb05d6000 	C:\WINDOWS\System32\bcrypt.dll
0x00007fffb08f0000 - 0x00007fffb0949000 	C:\WINDOWS\System32\WINTRUST.dll
0x00007fff91eb0000 - 0x00007fff91fd7000 	C:\WINDOWS\SYSTEM32\opengl32.dll
0x00007fff92a30000 - 0x00007fff92a5c000 	C:\WINDOWS\SYSTEM32\GLU32.dll
0x0000000050a70000 - 0x00000000531c1000 	C:\WINDOWS\System32\DriverStore\FileRepository\nvmdi.inf_amd64_e187f75677808e02\nvoglv64.dll
0x00007fffb3e90000 - 0x00007fffb3fe5000 	C:\WINDOWS\System32\ole32.dll
0x00007fffac520000 - 0x00007fffac533000 	C:\WINDOWS\SYSTEM32\WTSAPI32.dll
0x00007fff7de80000 - 0x00007fff7e141000 	C:\WINDOWS\system32\nvspcap64.dll
0x00007fffaf400000 - 0x00007fffaf458000 	C:\WINDOWS\SYSTEM32\WINSTA.dll
0x00007fff77f90000 - 0x00007fff77fe9000 	C:\Users\Valkyrie\AppData\Local\Temp\lwjglValkyrie\3.2.3-build-13\lwjgl_opengl.dll
0x00007fff9ef30000 - 0x00007fff9efc5000 	C:\WINDOWS\System32\TextInputFramework.dll

dbghelp: loaded successfully - version: 4.0.5 - missing functions: none
symbol engine: initialized successfully - sym options: 0x614 - pdb path: .;C:\Program Files\Java\jdk-13\bin;C:\WINDOWS\SYSTEM32;C:\WINDOWS\WinSxS\amd64_microsoft.windows.common-controls_6595b64144ccf1df_6.0.17763.802_none_05b1445c0722d2cc;C:\Program Files\Java\jdk-13\bin\server;C:\Users\Valkyrie\AppData\Local\Temp\lwjglValkyrie\3.2.3-build-13;C:\WINDOWS\System32\DriverStore\FileRepository\nvmdi.inf_amd64_e187f75677808e02

VM Arguments:
jvm_args: -Dfile.encoding=Cp1252 
java_command: game.Program
java_class_path (initial): C:\Users\Valkyrie\Documents\GitHub\CS2010_Groop3\bin;C:\Users\Valkyrie\Documents\GitHub\CS2010_Groop3\dep\joml\joml-1.9.20-SNAPSHOT-javadoc.jar;C:\Users\Valkyrie\Documents\GitHub\CS2010_Groop3\dep\joml\joml-1.9.20-SNAPSHOT-sources.jar;C:\Users\Valkyrie\Documents\GitHub\CS2010_Groop3\dep\joml\joml-1.9.20-SNAPSHOT.jar;C:\Users\Valkyrie\Documents\GitHub\CS2010_Groop3\dep\lwjgl\lwjgl-assimp-javadoc.jar;C:\Users\Valkyrie\Documents\GitHub\CS2010_Groop3\dep\lwjgl\lwjgl-assimp-natives-linux-arm32.jar;C:\Users\Valkyrie\Documents\GitHub\CS2010_Groop3\dep\lwjgl\lwjgl-assimp-natives-linux-arm64.jar;C:\Users\Valkyrie\Documents\GitHub\CS2010_Groop3\dep\lwjgl\lwjgl-assimp-natives-linux.jar;C:\Users\Valkyrie\Documents\GitHub\CS2010_Groop3\dep\lwjgl\lwjgl-assimp-natives-macos.jar;C:\Users\Valkyrie\Documents\GitHub\CS2010_Groop3\dep\lwjgl\lwjgl-assimp-natives-windows-x86.jar;C:\Users\Valkyrie\Documents\GitHub\CS2010_Groop3\dep\lwjgl\lwjgl-assimp-natives-windows.jar;C:\Users\Valkyrie\Documents\GitHub\CS2010_Groop3\dep\lwjgl\lwjgl-assimp-sources.jar;C:\Users\Valkyrie\Documents\GitHub\CS2010_Groop3\dep\lwjgl\lwjgl-assimp.jar;C:\Users\Valkyrie\Documents\GitHub\CS2010_Groop3\dep\lwjgl\lwjgl-glfw-javadoc.jar;C:\Users\Valkyrie\Documents\GitHub\CS2010_Groop3\dep\lwjgl\lwjgl-glfw-natives-linux-arm32.jar;C:\Users\Valkyrie\Documents\GitHub\CS2010_Groop3\dep\lwjgl\lwjgl-glfw-natives-linux-arm64.jar;C:\Users\Valkyrie\Documents\GitHub\CS2010_Groop3\dep\lwjgl\lwjgl-glfw-natives-linux.jar;C:\Users\Valkyrie\Documents\GitHub\CS2010_Groop3\dep\lwjgl\lwjgl-glfw-natives-macos.jar;C:\Users\Valkyrie\Documents\GitHub\CS2010_Groop3\dep\lwjgl\lwjgl-glfw-natives-windows-x86.jar;C:\Users\Valkyrie\Documents\GitHub\CS2010_Groop3\dep\lwjgl\lwjgl-glfw-natives-windows.jar;C:\Users\Valkyrie\Documents\GitHub\CS2010_Groop3\dep\lwjgl\lwjgl-glfw-sources.jar;C:\Users\Valkyrie\Documents\GitHub\CS2010_Groop3\dep\lwjgl\lwjgl-glfw.jar;C:\Users\Valkyrie\Documents\GitHub\CS2010_Groop3\dep\lwjgl\lwjg
Launcher Type: SUN_STANDARD

[Global flags]
     intx CICompilerCount                          = 3                                         {product} {ergonomic}
     uint ConcGCThreads                            = 1                                         {product} {ergonomic}
     uint G1ConcRefinementThreads                  = 4                                         {product} {ergonomic}
   size_t G1HeapRegionSize                         = 1048576                                   {product} {ergonomic}
    uintx GCDrainStackTargetSize                   = 64                                        {product} {ergonomic}
   size_t InitialHeapSize                          = 266338304                                 {product} {ergonomic}
   size_t MarkStackSize                            = 4194304                                   {product} {ergonomic}
   size_t MaxHeapSize                              = 4257218560                                {product} {ergonomic}
   size_t MaxNewSize                               = 2554331136                                {product} {ergonomic}
   size_t MinHeapDeltaBytes                        = 1048576                                   {product} {ergonomic}
   size_t MinHeapSize                              = 8388608                                   {product} {ergonomic}
    uintx NonNMethodCodeHeapSize                   = 5830732                                {pd product} {ergonomic}
    uintx NonProfiledCodeHeapSize                  = 122913754                              {pd product} {ergonomic}
    uintx ProfiledCodeHeapSize                     = 122913754                              {pd product} {ergonomic}
    uintx ReservedCodeCacheSize                    = 251658240                              {pd product} {ergonomic}
     bool SegmentedCodeCache                       = true                                      {product} {ergonomic}
   size_t SoftMaxHeapSize                          = 4257218560                             {manageable} {ergonomic}
     bool UseCompressedClassPointers               = true                                 {lp64_product} {ergonomic}
     bool UseCompressedOops                        = true                                 {lp64_product} {ergonomic}
     bool UseG1GC                                  = true                                      {product} {ergonomic}
     bool UseLargePagesIndividualAllocation        = false                                  {pd product} {ergonomic}

Logging:
Log output configuration:
 #0: stdout all=warning uptime,level,tags
 #1: stderr all=off uptime,level,tags

Environment Variables:
JAVA_HOME=C:\Progra~1\Java\jdk-13
PATH=C:/Program Files/Java/jdk-13/bin/server;C:/Program Files/Java/jdk-13/bin;C:\VulkanSDK\1.1.121.2\Bin;C:\Program Files (x86)\Common Files\Intel\Shared Libraries\redist\intel64\compiler;C:\WINDOWS\system32;C:\WINDOWS;C:\WINDOWS\System32\Wbem;C:\WINDOWS\System32\WindowsPowerShell\v1.0\;C:\WINDOWS\System32\OpenSSH\;C:\Program Files\Microsoft VS Code\bin;C:\Program Files\dotnet\;C:\Program Files\NVIDIA Corporation\NVIDIA NvDLISR;C:\Program Files (x86)\NVIDIA Corporation\PhysX\Common;C:\Program Files\Java\jdk-13\bin;C:\Program Files\Git\cmd;C:\Users\Valkyrie\AppData\Local\Microsoft\WindowsApps;C:\Users\Valkyrie\AppData\Local\GitHubDesktop\bin;;C:\Program Files\eclipse;
USERNAME=Valkyrie
OS=Windows_NT
PROCESSOR_IDENTIFIER=Intel64 Family 6 Model 60 Stepping 3, GenuineIntel



---------------  S Y S T E M  ---------------

OS: Windows 10 , 64 bit Build 17763 (10.0.17763.475)

CPU:total 4 (initial active 4) (4 cores per cpu, 1 threads per core) family 6 model 60 stepping 3, cmov, cx8, fxsr, mmx, sse, sse2, sse3, ssse3, sse4.1, sse4.2, popcnt, avx, avx2, aes, clmul, erms, lzcnt, tsc, tscinvbit, bmi1, bmi2, fma

Memory: 4k page, system-wide physical 16239M (8026M free)
TotalPageFile size 30575M (AvailPageFile size 14322M)
current process WorkingSet (physical memory assigned to process): 107M, peak: 108M
current process commit charge ("private bytes"): 385M, peak: 386M

vm_info: Java HotSpot(TM) 64-Bit Server VM (13+33) for windows-amd64 JRE (13+33), built on Sep 18 2019 21:38:00 by "mach5one" with unknown MS VC++:1916

END.
