  CameraComponent.cpp
  ColliderComponent.cpp
  DrawBaseComponent.cpp
  DrawPrimitiveComponent.cpp
  DrawStringComponent.cpp
  DrawTextureComponent.cpp
  TransformComponent.cpp
  UIComponent.cpp
  Application.cpp
  ContentManager.cpp
  Fabricator.cpp
  Game.cpp
  IGameComponent.cpp
  IGameEntity.cpp
  Keyboard.cpp
  Mouse.cpp
  ValkyrieEngine.cpp
  VLKRandom.cpp
  VLKTime.cpp
  Window.cpp
  Generating Code...
  Compiling...
  GLRenderer.cpp
  Renderer.cpp
  SpriteFont.cpp
  Texture.cpp
  TextureAtlas.cpp
  ThreadPool.cpp
  ByteBuffer.cpp
  Color.cpp
  Logger.cpp
  Matrix.cpp
  StringCollection.cpp
  Timers.cpp
  Vector.cpp
  VLKIO.cpp
  Program.cpp
  Generating Code...
     Creating library C:\Users\Valkyrie\Documents\GitHub\CS2010_Groop3\TakeoverGame\TakeoverGame\bin/Debug/TakeoverGame.lib and object C:\Users\Valkyrie\Documents\GitHub\CS2010_Groop3\TakeoverGame\TakeoverGame\bin/Debug/TakeoverGame.exp
LINK : warning LNK4098: defaultlib 'MSVCRTD' conflicts with use of other libs; use /NODEFAULTLIB:library
libglew32.lib(glew.obj) : warning LNK4099: PDB 'glew_s.pdb' was not found with 'libglew32.lib(glew.obj)' or at 'C:\Users\Valkyrie\Documents\GitHub\CS2010_Groop3\TakeoverGame\TakeoverGame\bin\Debug\glew_s.pdb'; linking object as if no debug info
glfw3.lib(context.obj) : warning LNK4099: PDB 'glfw.pdb' was not found with 'glfw3.lib(context.obj)' or at 'C:\Users\Valkyrie\Documents\GitHub\CS2010_Groop3\TakeoverGame\TakeoverGame\bin\Debug\glfw.pdb'; linking object as if no debug info
glfw3.lib(init.obj) : warning LNK4099: PDB 'glfw.pdb' was not found with 'glfw3.lib(init.obj)' or at 'C:\Users\Valkyrie\Documents\GitHub\CS2010_Groop3\TakeoverGame\TakeoverGame\bin\Debug\glfw.pdb'; linking object as if no debug info
glfw3.lib(input.obj) : warning LNK4099: PDB 'glfw.pdb' was not found with 'glfw3.lib(input.obj)' or at 'C:\Users\Valkyrie\Documents\GitHub\CS2010_Groop3\TakeoverGame\TakeoverGame\bin\Debug\glfw.pdb'; linking object as if no debug info
glfw3.lib(monitor.obj) : warning LNK4099: PDB 'glfw.pdb' was not found with 'glfw3.lib(monitor.obj)' or at 'C:\Users\Valkyrie\Documents\GitHub\CS2010_Groop3\TakeoverGame\TakeoverGame\bin\Debug\glfw.pdb'; linking object as if no debug info
glfw3.lib(vulkan.obj) : warning LNK4099: PDB 'glfw.pdb' was not found with 'glfw3.lib(vulkan.obj)' or at 'C:\Users\Valkyrie\Documents\GitHub\CS2010_Groop3\TakeoverGame\TakeoverGame\bin\Debug\glfw.pdb'; linking object as if no debug info
glfw3.lib(window.obj) : warning LNK4099: PDB 'glfw.pdb' was not found with 'glfw3.lib(window.obj)' or at 'C:\Users\Valkyrie\Documents\GitHub\CS2010_Groop3\TakeoverGame\TakeoverGame\bin\Debug\glfw.pdb'; linking object as if no debug info
glfw3.lib(win32_init.obj) : warning LNK4099: PDB 'glfw.pdb' was not found with 'glfw3.lib(win32_init.obj)' or at 'C:\Users\Valkyrie\Documents\GitHub\CS2010_Groop3\TakeoverGame\TakeoverGame\bin\Debug\glfw.pdb'; linking object as if no debug info
glfw3.lib(win32_joystick.obj) : warning LNK4099: PDB 'glfw.pdb' was not found with 'glfw3.lib(win32_joystick.obj)' or at 'C:\Users\Valkyrie\Documents\GitHub\CS2010_Groop3\TakeoverGame\TakeoverGame\bin\Debug\glfw.pdb'; linking object as if no debug info
glfw3.lib(win32_monitor.obj) : warning LNK4099: PDB 'glfw.pdb' was not found with 'glfw3.lib(win32_monitor.obj)' or at 'C:\Users\Valkyrie\Documents\GitHub\CS2010_Groop3\TakeoverGame\TakeoverGame\bin\Debug\glfw.pdb'; linking object as if no debug info
glfw3.lib(win32_time.obj) : warning LNK4099: PDB 'glfw.pdb' was not found with 'glfw3.lib(win32_time.obj)' or at 'C:\Users\Valkyrie\Documents\GitHub\CS2010_Groop3\TakeoverGame\TakeoverGame\bin\Debug\glfw.pdb'; linking object as if no debug info
glfw3.lib(win32_thread.obj) : warning LNK4099: PDB 'glfw.pdb' was not found with 'glfw3.lib(win32_thread.obj)' or at 'C:\Users\Valkyrie\Documents\GitHub\CS2010_Groop3\TakeoverGame\TakeoverGame\bin\Debug\glfw.pdb'; linking object as if no debug info
glfw3.lib(win32_window.obj) : warning LNK4099: PDB 'glfw.pdb' was not found with 'glfw3.lib(win32_window.obj)' or at 'C:\Users\Valkyrie\Documents\GitHub\CS2010_Groop3\TakeoverGame\TakeoverGame\bin\Debug\glfw.pdb'; linking object as if no debug info
glfw3.lib(wgl_context.obj) : warning LNK4099: PDB 'glfw.pdb' was not found with 'glfw3.lib(wgl_context.obj)' or at 'C:\Users\Valkyrie\Documents\GitHub\CS2010_Groop3\TakeoverGame\TakeoverGame\bin\Debug\glfw.pdb'; linking object as if no debug info
glfw3.lib(egl_context.obj) : warning LNK4099: PDB 'glfw.pdb' was not found with 'glfw3.lib(egl_context.obj)' or at 'C:\Users\Valkyrie\Documents\GitHub\CS2010_Groop3\TakeoverGame\TakeoverGame\bin\Debug\glfw.pdb'; linking object as if no debug info
glfw3.lib(osmesa_context.obj) : warning LNK4099: PDB 'glfw.pdb' was not found with 'glfw3.lib(osmesa_context.obj)' or at 'C:\Users\Valkyrie\Documents\GitHub\CS2010_Groop3\TakeoverGame\TakeoverGame\bin\Debug\glfw.pdb'; linking object as if no debug info
  TakeoverGame.vcxproj -> C:\Users\Valkyrie\Documents\GitHub\CS2010_Groop3\TakeoverGame\TakeoverGame\bin/Debug/TakeoverGame.exe
