c:\users\valkyrie\documents\github\cs2010_groop3\takeovergame\takeovergame\obj\debug\vc142.pdb
c:\users\valkyrie\documents\github\cs2010_groop3\takeovergame\takeovergame\obj\debug\vc142.idb
c:\users\valkyrie\documents\github\cs2010_groop3\takeovergame\takeovergame\obj\debug\window.obj
c:\users\valkyrie\documents\github\cs2010_groop3\takeovergame\takeovergame\obj\debug\vlktime.obj
c:\users\valkyrie\documents\github\cs2010_groop3\takeovergame\takeovergame\obj\debug\vlkrandom.obj
c:\users\valkyrie\documents\github\cs2010_groop3\takeovergame\takeovergame\obj\debug\valkyrieengine.obj
c:\users\valkyrie\documents\github\cs2010_groop3\takeovergame\takeovergame\obj\debug\mouse.obj
c:\users\valkyrie\documents\github\cs2010_groop3\takeovergame\takeovergame\obj\debug\keyboard.obj
c:\users\valkyrie\documents\github\cs2010_groop3\takeovergame\takeovergame\obj\debug\igameentity.obj
c:\users\valkyrie\documents\github\cs2010_groop3\takeovergame\takeovergame\obj\debug\igamecomponent.obj
c:\users\valkyrie\documents\github\cs2010_groop3\takeovergame\takeovergame\obj\debug\game.obj
c:\users\valkyrie\documents\github\cs2010_groop3\takeovergame\takeovergame\obj\debug\fabricator.obj
c:\users\valkyrie\documents\github\cs2010_groop3\takeovergame\takeovergame\obj\debug\contentmanager.obj
c:\users\valkyrie\documents\github\cs2010_groop3\takeovergame\takeovergame\obj\debug\application.obj
c:\users\valkyrie\documents\github\cs2010_groop3\takeovergame\takeovergame\obj\debug\uicomponent.obj
c:\users\valkyrie\documents\github\cs2010_groop3\takeovergame\takeovergame\obj\debug\transformcomponent.obj
c:\users\valkyrie\documents\github\cs2010_groop3\takeovergame\takeovergame\obj\debug\drawtexturecomponent.obj
c:\users\valkyrie\documents\github\cs2010_groop3\takeovergame\takeovergame\obj\debug\drawstringcomponent.obj
c:\users\valkyrie\documents\github\cs2010_groop3\takeovergame\takeovergame\obj\debug\drawprimitivecomponent.obj
c:\users\valkyrie\documents\github\cs2010_groop3\takeovergame\takeovergame\obj\debug\drawbasecomponent.obj
c:\users\valkyrie\documents\github\cs2010_groop3\takeovergame\takeovergame\obj\debug\collidercomponent.obj
c:\users\valkyrie\documents\github\cs2010_groop3\takeovergame\takeovergame\obj\debug\cameracomponent.obj
c:\users\valkyrie\documents\github\cs2010_groop3\takeovergame\takeovergame\obj\debug\program.obj
c:\users\valkyrie\documents\github\cs2010_groop3\takeovergame\takeovergame\obj\debug\vlkio.obj
c:\users\valkyrie\documents\github\cs2010_groop3\takeovergame\takeovergame\obj\debug\vector.obj
c:\users\valkyrie\documents\github\cs2010_groop3\takeovergame\takeovergame\obj\debug\timers.obj
c:\users\valkyrie\documents\github\cs2010_groop3\takeovergame\takeovergame\obj\debug\stringcollection.obj
c:\users\valkyrie\documents\github\cs2010_groop3\takeovergame\takeovergame\obj\debug\matrix.obj
c:\users\valkyrie\documents\github\cs2010_groop3\takeovergame\takeovergame\obj\debug\logger.obj
c:\users\valkyrie\documents\github\cs2010_groop3\takeovergame\takeovergame\obj\debug\color.obj
c:\users\valkyrie\documents\github\cs2010_groop3\takeovergame\takeovergame\obj\debug\bytebuffer.obj
c:\users\valkyrie\documents\github\cs2010_groop3\takeovergame\takeovergame\obj\debug\threadpool.obj
c:\users\valkyrie\documents\github\cs2010_groop3\takeovergame\takeovergame\obj\debug\textureatlas.obj
c:\users\valkyrie\documents\github\cs2010_groop3\takeovergame\takeovergame\obj\debug\texture.obj
c:\users\valkyrie\documents\github\cs2010_groop3\takeovergame\takeovergame\obj\debug\spritefont.obj
c:\users\valkyrie\documents\github\cs2010_groop3\takeovergame\takeovergame\obj\debug\renderer.obj
c:\users\valkyrie\documents\github\cs2010_groop3\takeovergame\takeovergame\obj\debug\glrenderer.obj
c:\users\valkyrie\documents\github\cs2010_groop3\takeovergame\takeovergame\bin/debug/takeovergame.pdb
c:\users\valkyrie\documents\github\cs2010_groop3\takeovergame\takeovergame\obj\debug\takeovergame.tlog\cl.command.1.tlog
c:\users\valkyrie\documents\github\cs2010_groop3\takeovergame\takeovergame\obj\debug\takeovergame.tlog\cl.read.1.tlog
c:\users\valkyrie\documents\github\cs2010_groop3\takeovergame\takeovergame\obj\debug\takeovergame.tlog\cl.write.1.tlog
c:\users\valkyrie\documents\github\cs2010_groop3\takeovergame\takeovergame\obj\debug\takeovergame.tlog\link-cvtres.read.1.tlog
c:\users\valkyrie\documents\github\cs2010_groop3\takeovergame\takeovergame\obj\debug\takeovergame.tlog\link-cvtres.write.1.tlog
c:\users\valkyrie\documents\github\cs2010_groop3\takeovergame\takeovergame\obj\debug\takeovergame.tlog\link-rc.read.1.tlog
c:\users\valkyrie\documents\github\cs2010_groop3\takeovergame\takeovergame\obj\debug\takeovergame.tlog\link-rc.write.1.tlog
c:\users\valkyrie\documents\github\cs2010_groop3\takeovergame\takeovergame\obj\debug\takeovergame.tlog\link.command.1.tlog
c:\users\valkyrie\documents\github\cs2010_groop3\takeovergame\takeovergame\obj\debug\takeovergame.tlog\link.read.1.tlog
c:\users\valkyrie\documents\github\cs2010_groop3\takeovergame\takeovergame\obj\debug\takeovergame.tlog\link.write.1.tlog
